#
# There is insufficient memory for the Java Runtime Environment to continue.
# Native memory allocation (malloc) failed to allocate 1888656 bytes for Chunk::new
# Possible reasons:
#   The system is out of physical RAM or swap space
#   The process is running with CompressedOops enabled, and the Java Heap may be blocking the growth of the native heap
# Possible solutions:
#   Reduce memory load on the system
#   Increase physical memory or swap space
#   Check if swap backing store is full
#   Decrease Java heap size (-Xmx/-Xms)
#   Decrease number of Java threads
#   Decrease Java thread stack sizes (-Xss)
#   Set larger code cache with -XX:ReservedCodeCacheSize=
#   JVM is running with Unscaled Compressed Oops mode in which the Java heap is
#     placed in the first 4GB address space. The Java Heap base address is the
#     maximum limit for the native heap growth. Please use -XX:HeapBaseMinAddress
#     to set the Java Heap base and to place the Java Heap above 4GB virtual address.
# This output file may be truncated or incomplete.
#
#  Out of Memory Error (./src/hotspot/share/memory/arena.cpp:197), pid=10660, tid=14080
#
# JRE version: OpenJDK Runtime Environment (11.0.12+7) (build 11.0.12+7-b1504.28-7817840)
# Java VM: OpenJDK 64-Bit Server VM (11.0.12+7-b1504.28-7817840, mixed mode, tiered, compressed oops, g1 gc, windows-amd64)
# No core dump will be written. Minidumps are not enabled by default on client versions of Windows
#

---------------  S U M M A R Y ------------

Command Line: --add-opens=java.base/java.util=ALL-UNNAMED --add-opens=java.base/java.lang=ALL-UNNAMED --add-opens=java.base/java.lang.invoke=ALL-UNNAMED --add-opens=java.base/java.util=ALL-UNNAMED --add-opens=java.prefs/java.util.prefs=ALL-UNNAMED --add-opens=java.prefs/java.util.prefs=ALL-UNNAMED --add-opens=java.base/java.nio.charset=ALL-UNNAMED --add-opens=java.base/java.net=ALL-UNNAMED --add-opens=java.base/java.util.concurrent.atomic=ALL-UNNAMED -Xmx2048m -Dfile.encoding=UTF-8 -Duser.country=RU -Duser.language=ru -Duser.variant org.gradle.launcher.daemon.bootstrap.GradleDaemon 7.3.3

Host: Intel(R) Core(TM) i3-10100 CPU @ 3.60GHz, 8 cores, 7G,  Windows 10 , 64 bit Build 19041 (10.0.19041.1741)
Time: Sat Jun 18 13:04:20 2022 Западная Азия (зима) elapsed time: 1008.117123 seconds (0d 0h 16m 48s)

---------------  T H R E A D  ---------------

Current thread (0x000002727c1e3800):  JavaThread "C2 CompilerThread0" daemon [_thread_in_native, id=14080, stack(0x000000b57c700000,0x000000b57c800000)]


Current CompileTask:
C2:1008117 26723       4       org.gradle.api.internal.artifacts.ivyservice.resolveengine.artifact.ResolvedArtifactsGraphVisitor::getArtifacts (197 bytes)

Stack: [0x000000b57c700000,0x000000b57c800000]
Native frames: (J=compiled Java code, j=interpreted, Vv=VM code, C=native code)
V  [jvm.dll+0x5fbcea]
V  [jvm.dll+0x731905]
V  [jvm.dll+0x732f1d]
V  [jvm.dll+0x7335d3]
V  [jvm.dll+0x247bf8]
V  [jvm.dll+0xc018c]
V  [jvm.dll+0xc06cc]
V  [jvm.dll+0x35b31d]
V  [jvm.dll+0x19d0bc]
V  [jvm.dll+0x20070e]
V  [jvm.dll+0x1ff794]
V  [jvm.dll+0x18868c]
V  [jvm.dll+0x20e0d7]
V  [jvm.dll+0x20c901]
V  [jvm.dll+0x6f9b7f]
V  [jvm.dll+0x6f26a5]
V  [jvm.dll+0x5fabf6]
C  [ucrtbase.dll+0x21bb2]
C  [KERNEL32.DLL+0x17034]
C  [ntdll.dll+0x52651]


---------------  P R O C E S S  ---------------

Threads class SMR info:
_java_thread_list=0x0000027201be8ff0, length=145, elements={
0x000002725f3fb000, 0x000002727b83e800, 0x000002727b840000, 0x000002727c1db000,
0x000002727c1dc800, 0x000002727c1e0000, 0x000002727c1e3800, 0x000002727b85f000,
0x000002727b869000, 0x000002727c324000, 0x000002727e77a800, 0x000002727e778800,
0x000002727e77c000, 0x000002727e490000, 0x000002727e491000, 0x000002727e48d000,
0x000002727e48c000, 0x000002727e492800, 0x000002727e48e800, 0x000002727e499000,
0x000002727e49a000, 0x000002727e49a800, 0x000002727e495000, 0x0000027203f87000,
0x0000027203f83800, 0x0000027203f81000, 0x0000027203f8a000, 0x0000027203f84800,
0x0000027203f87800, 0x000002727efeb800, 0x000002727efec000, 0x000002727efe9000,
0x000002727efed000, 0x000002720a673000, 0x000002720383f800, 0x000002720a666800,
0x0000027201bf9800, 0x00000272056cf800, 0x000002720a666000, 0x000002720a667800,
0x000002720a66a000, 0x0000027203832000, 0x0000027203833800, 0x0000027203834000,
0x0000027203837800, 0x0000027203838800, 0x0000027203835000, 0x0000027203832800,
0x0000027203839000, 0x000002720383a000, 0x000002720383a800, 0x000002720383b800,
0x0000027203836000, 0x000002720383c800, 0x0000027203836800, 0x000002720383e000,
0x000002720383d000, 0x0000027203840800, 0x00000272056d0800, 0x00000272056ce000,
0x00000272056cf000, 0x00000272056d1800, 0x00000272056d2000, 0x00000272056d3000,
0x00000272056cd000, 0x00000272056d3800, 0x00000272056d8000, 0x00000272056d9800,
0x00000272056da000, 0x00000272056d8800, 0x00000272056d4800, 0x00000272056db000,
0x00000272056d5800, 0x00000272056dc000, 0x00000272056d6000, 0x00000272056dc800,
0x00000272056d7000, 0x00000272056e0000, 0x00000272056df000, 0x00000272056de800,
0x00000272056e1000, 0x00000272056e1800, 0x00000272056e2800, 0x00000272056e3000,
0x00000272056dd800, 0x00000272056e8000, 0x00000272056ea000, 0x00000272056e4000,
0x00000272056ea800, 0x00000272056e5000, 0x00000272056eb800, 0x00000272056e6800,
0x00000272056e5800, 0x00000272056ec000, 0x00000272056e7800, 0x00000272056e9000,
0x0000027207997000, 0x0000027207994800, 0x0000027207993000, 0x0000027207994000,
0x0000027207995800, 0x0000027207996000, 0x0000027207998000, 0x0000027207992000,
0x000002720799d800, 0x000002720799b000, 0x000002720799e800, 0x000002720799a800,
0x000002720799c000, 0x0000027207998800, 0x000002720799f000, 0x0000027207999800,
0x00000272079a0000, 0x00000272079a1000, 0x000002727d925000, 0x000002727d927000,
0x000002727d925800, 0x000002727d928000, 0x000002727d926800, 0x000002727d922800,
0x000002727d929000, 0x000002727d923000, 0x000002727d929800, 0x000002727d924000,
0x000002727d92e800, 0x000002727d92a800, 0x000002727d931000, 0x000002727d92d000,
0x000002727d92b800, 0x000002727d92f800, 0x000002727d92c000, 0x000002727d92e000,
0x0000027201bf1000, 0x0000027201bf0800, 0x0000027201bef000, 0x0000027201bef800,
0x0000027201bf3800, 0x0000027201bf3000, 0x0000027201bf2000, 0x0000027201bee000,
0x0000027201bf5800, 0x0000027201bfa000, 0x0000027201bf8800, 0x0000027201bf7000,
0x0000027201bf4800
}

Java Threads: ( => current thread )
  0x000002725f3fb000 JavaThread "main" [_thread_blocked, id=12484, stack(0x000000b57bb00000,0x000000b57bc00000)]
  0x000002727b83e800 JavaThread "Reference Handler" daemon [_thread_blocked, id=10976, stack(0x000000b57c200000,0x000000b57c300000)]
  0x000002727b840000 JavaThread "Finalizer" daemon [_thread_blocked, id=3836, stack(0x000000b57c300000,0x000000b57c400000)]
  0x000002727c1db000 JavaThread "Signal Dispatcher" daemon [_thread_blocked, id=10888, stack(0x000000b57c400000,0x000000b57c500000)]
  0x000002727c1dc800 JavaThread "Attach Listener" daemon [_thread_blocked, id=13724, stack(0x000000b57c500000,0x000000b57c600000)]
  0x000002727c1e0000 JavaThread "Service Thread" daemon [_thread_blocked, id=6124, stack(0x000000b57c600000,0x000000b57c700000)]
=>0x000002727c1e3800 JavaThread "C2 CompilerThread0" daemon [_thread_in_native, id=14080, stack(0x000000b57c700000,0x000000b57c800000)]
  0x000002727b85f000 JavaThread "C1 CompilerThread0" daemon [_thread_blocked, id=7872, stack(0x000000b57c800000,0x000000b57c900000)]
  0x000002727b869000 JavaThread "Sweeper thread" daemon [_thread_blocked, id=9188, stack(0x000000b57c900000,0x000000b57ca00000)]
  0x000002727c324000 JavaThread "Common-Cleaner" daemon [_thread_blocked, id=10588, stack(0x000000b57ca00000,0x000000b57cb00000)]
  0x000002727e77a800 JavaThread "Daemon health stats" [_thread_blocked, id=14160, stack(0x000000b57d000000,0x000000b57d100000)]
  0x000002727e778800 JavaThread "Incoming local TCP Connector on port 7792" [_thread_in_native, id=9448, stack(0x000000b57cc00000,0x000000b57cd00000)]
  0x000002727e77c000 JavaThread "Daemon periodic checks" [_thread_blocked, id=1496, stack(0x000000b57cf00000,0x000000b57d000000)]
  0x000002727e490000 JavaThread "Cache worker for journal cache (C:\Users\Turonbank\.gradle\caches\journal-1)" [_thread_blocked, id=9220, stack(0x000000b57de00000,0x000000b57df00000)]
  0x000002727e491000 JavaThread "File lock request listener" [_thread_in_native, id=5796, stack(0x000000b57df00000,0x000000b57e000000)]
  0x000002727e48d000 JavaThread "Cache worker for file hash cache (C:\Users\Turonbank\.gradle\caches\7.3.3\fileHashes)" [_thread_blocked, id=9304, stack(0x000000b57e000000,0x000000b57e100000)]
  0x000002727e48c000 JavaThread "File watcher server" daemon [_thread_in_native, id=13208, stack(0x000000b57e400000,0x000000b57e500000)]
  0x000002727e492800 JavaThread "File watcher consumer" daemon [_thread_blocked, id=9908, stack(0x000000b57e500000,0x000000b57e600000)]
  0x000002727e48e800 JavaThread "Cache worker for execution history cache (C:\Users\Turonbank\.gradle\caches\7.3.3\executionHistory)" [_thread_blocked, id=13136, stack(0x000000b57e900000,0x000000b57ea00000)]
  0x000002727e499000 JavaThread "jar transforms" [_thread_blocked, id=8816, stack(0x000000b57eb00000,0x000000b57ec00000)]
  0x000002727e49a000 JavaThread "Cache worker for file content cache (C:\Users\Turonbank\.gradle\caches\7.3.3\fileContent)" [_thread_blocked, id=9000, stack(0x000000b57ec00000,0x000000b57ed00000)]
  0x000002727e49a800 JavaThread "jar transforms Thread 2" [_thread_blocked, id=6232, stack(0x000000b57ed00000,0x000000b57ee00000)]
  0x000002727e495000 JavaThread "jar transforms Thread 3" [_thread_blocked, id=11364, stack(0x000000b57ef00000,0x000000b57f000000)]
  0x0000027203f87000 JavaThread "jar transforms Thread 4" [_thread_blocked, id=1664, stack(0x000000b504100000,0x000000b504200000)]
  0x0000027203f83800 JavaThread "jar transforms Thread 5" [_thread_blocked, id=8016, stack(0x000000b504200000,0x000000b504300000)]
  0x0000027203f81000 JavaThread "jar transforms Thread 6" [_thread_blocked, id=5584, stack(0x000000b504300000,0x000000b504400000)]
  0x0000027203f8a000 JavaThread "jar transforms Thread 7" [_thread_blocked, id=10832, stack(0x000000b504400000,0x000000b504500000)]
  0x0000027203f84800 JavaThread "jar transforms Thread 8" [_thread_blocked, id=2736, stack(0x000000b504500000,0x000000b504600000)]
  0x0000027203f87800 JavaThread "Memory manager" [_thread_blocked, id=12540, stack(0x000000b504700000,0x000000b504800000)]
  0x000002727efeb800 JavaThread "RMI Scheduler(0)" daemon [_thread_blocked, id=11268, stack(0x000000b505300000,0x000000b505400000)]
  0x000002727efec000 JavaThread "RMI GC Daemon" daemon [_thread_blocked, id=11504, stack(0x000000b505500000,0x000000b505600000)]
  0x000002727efe9000 JavaThread "RMI TCP Accept-0" daemon [_thread_in_native, id=8252, stack(0x000000b505600000,0x000000b505700000)]
  0x000002727efed000 JavaThread "RMI Reaper" [_thread_blocked, id=12392, stack(0x000000b505700000,0x000000b505800000)]
  0x000002720a673000 JavaThread "Cache worker for Java compile cache (C:\Users\Turonbank\.gradle\caches\7.3.3\javaCompile)" [_thread_blocked, id=9512, stack(0x000000b507800000,0x000000b507900000)]
  0x000002720383f800 JavaThread "ForkJoinPool.commonPool-worker-1" daemon [_thread_blocked, id=896, stack(0x000000b508e00000,0x000000b508f00000)]
  0x000002720a666800 JavaThread "ForkJoinPool.commonPool-worker-7" daemon [_thread_blocked, id=2088, stack(0x000000b508c00000,0x000000b508d00000)]
  0x0000027201bf9800 JavaThread "ForkJoinPool.commonPool-worker-15" daemon [_thread_blocked, id=11892, stack(0x000000b509000000,0x000000b509100000)]
  0x00000272056cf800 JavaThread "ForkJoinPool.commonPool-worker-3" daemon [_thread_blocked, id=7960, stack(0x000000b507a00000,0x000000b507b00000)]
  0x000002720a666000 JavaThread "ForkJoinPool.commonPool-worker-5" daemon [_thread_blocked, id=12192, stack(0x000000b508000000,0x000000b508100000)]
  0x000002720a667800 JavaThread "Daemon Thread 7" [_thread_blocked, id=11644, stack(0x000000b500000000,0x000000b500100000)]
  0x000002720a66a000 JavaThread "Daemon worker Thread 7" [_thread_blocked, id=3404, stack(0x000000b500300000,0x000000b500400000)]
  0x0000027203832000 JavaThread "Handler for socket connection from /127.0.0.1:7792 to /127.0.0.1:9646" [_thread_in_native, id=600, stack(0x000000b500100000,0x000000b500200000)]
  0x0000027203833800 JavaThread "Cancel handler" [_thread_blocked, id=11896, stack(0x000000b500200000,0x000000b500300000)]
  0x0000027203834000 JavaThread "Asynchronous log dispatcher for DefaultDaemonConnection: socket connection from /127.0.0.1:7792 to /127.0.0.1:9646" [_thread_blocked, id=13948, stack(0x000000b500400000,0x000000b500500000)]
  0x0000027203837800 JavaThread "Stdin handler" [_thread_blocked, id=12084, stack(0x000000b500500000,0x000000b500600000)]
  0x0000027203838800 JavaThread "Daemon client event forwarder" [_thread_blocked, id=12648, stack(0x000000b500600000,0x000000b500700000)]
  0x0000027203835000 JavaThread "Cache worker for file hash cache (C:\Users\Turonbank\AndroidStudioProjects\AndroidAdavacedKotlin\.gradle\7.3.3\fileHashes)" [_thread_blocked, id=12056, stack(0x000000b500700000,0x000000b500800000)]
  0x0000027203832800 JavaThread "Cache worker for checksums cache (C:\Users\Turonbank\AndroidStudioProjects\AndroidAdavacedKotlin\.gradle\7.3.3\checksums)" [_thread_blocked, id=10388, stack(0x000000b500800000,0x000000b500900000)]
  0x0000027203839000 JavaThread "Cache worker for cache directory md-supplier (C:\Users\Turonbank\.gradle\caches\7.3.3\md-supplier)" [_thread_blocked, id=10896, stack(0x000000b500900000,0x000000b500a00000)]
  0x000002720383a000 JavaThread "Cache worker for cache directory md-rule (C:\Users\Turonbank\.gradle\caches\7.3.3\md-rule)" [_thread_blocked, id=12256, stack(0x000000b500a00000,0x000000b500b00000)]
  0x000002720383a800 JavaThread "Cache worker for dependencies-accessors (C:\Users\Turonbank\AndroidStudioProjects\AndroidAdavacedKotlin\.gradle\7.3.3\dependencies-accessors)" [_thread_blocked, id=11236, stack(0x000000b500b00000,0x000000b500c00000)]
  0x000002720383b800 JavaThread "Cache worker for Build Output Cleanup Cache (C:\Users\Turonbank\AndroidStudioProjects\AndroidAdavacedKotlin\.gradle\buildOutputCleanup)" [_thread_blocked, id=6008, stack(0x000000b500c00000,0x000000b500d00000)]
  0x0000027203836000 JavaThread "Unconstrained build operations" [_thread_blocked, id=3120, stack(0x000000b500d00000,0x000000b500e00000)]
  0x000002720383c800 JavaThread "Unconstrained build operations Thread 2" [_thread_blocked, id=13268, stack(0x000000b500e00000,0x000000b500f00000)]
  0x0000027203836800 JavaThread "Unconstrained build operations Thread 3" [_thread_blocked, id=14232, stack(0x000000b500f00000,0x000000b501000000)]
  0x000002720383e000 JavaThread "Unconstrained build operations Thread 4" [_thread_blocked, id=11208, stack(0x000000b501000000,0x000000b501100000)]
  0x000002720383d000 JavaThread "Unconstrained build operations Thread 5" [_thread_blocked, id=13904, stack(0x000000b501100000,0x000000b501200000)]
  0x0000027203840800 JavaThread "Unconstrained build operations Thread 6" [_thread_blocked, id=9276, stack(0x000000b501200000,0x000000b501300000)]
  0x00000272056d0800 JavaThread "Unconstrained build operations Thread 7" [_thread_blocked, id=11808, stack(0x000000b501300000,0x000000b501400000)]
  0x00000272056ce000 JavaThread "Unconstrained build operations Thread 8" [_thread_blocked, id=8976, stack(0x000000b501400000,0x000000b501500000)]
  0x00000272056cf000 JavaThread "Unconstrained build operations Thread 9" [_thread_blocked, id=9492, stack(0x000000b501500000,0x000000b501600000)]
  0x00000272056d1800 JavaThread "Unconstrained build operations Thread 10" [_thread_blocked, id=4532, stack(0x000000b501600000,0x000000b501700000)]
  0x00000272056d2000 JavaThread "Unconstrained build operations Thread 11" [_thread_blocked, id=9236, stack(0x000000b501700000,0x000000b501800000)]
  0x00000272056d3000 JavaThread "Unconstrained build operations Thread 12" [_thread_blocked, id=11240, stack(0x000000b501800000,0x000000b501900000)]
  0x00000272056cd000 JavaThread "Unconstrained build operations Thread 13" [_thread_blocked, id=6004, stack(0x000000b501900000,0x000000b501a00000)]
  0x00000272056d3800 JavaThread "Unconstrained build operations Thread 14" [_thread_blocked, id=10508, stack(0x000000b501a00000,0x000000b501b00000)]
  0x00000272056d8000 JavaThread "Unconstrained build operations Thread 15" [_thread_blocked, id=3096, stack(0x000000b501b00000,0x000000b501c00000)]
  0x00000272056d9800 JavaThread "Unconstrained build operations Thread 16" [_thread_blocked, id=10108, stack(0x000000b501c00000,0x000000b501d00000)]
  0x00000272056da000 JavaThread "Unconstrained build operations Thread 17" [_thread_blocked, id=10764, stack(0x000000b501d00000,0x000000b501e00000)]
  0x00000272056d8800 JavaThread "Unconstrained build operations Thread 18" [_thread_blocked, id=2340, stack(0x000000b501e00000,0x000000b501f00000)]
  0x00000272056d4800 JavaThread "Unconstrained build operations Thread 19" [_thread_blocked, id=9872, stack(0x000000b501f00000,0x000000b502000000)]
  0x00000272056db000 JavaThread "Unconstrained build operations Thread 20" [_thread_blocked, id=5812, stack(0x000000b502000000,0x000000b502100000)]
  0x00000272056d5800 JavaThread "Unconstrained build operations Thread 21" [_thread_blocked, id=7544, stack(0x000000b502100000,0x000000b502200000)]
  0x00000272056dc000 JavaThread "Unconstrained build operations Thread 22" [_thread_blocked, id=11048, stack(0x000000b502200000,0x000000b502300000)]
  0x00000272056d6000 JavaThread "Unconstrained build operations Thread 23" [_thread_blocked, id=12400, stack(0x000000b502300000,0x000000b502400000)]
  0x00000272056dc800 JavaThread "Unconstrained build operations Thread 24" [_thread_blocked, id=1848, stack(0x000000b502400000,0x000000b502500000)]
  0x00000272056d7000 JavaThread "Unconstrained build operations Thread 25" [_thread_blocked, id=13476, stack(0x000000b502500000,0x000000b502600000)]
  0x00000272056e0000 JavaThread "Unconstrained build operations Thread 26" [_thread_blocked, id=10264, stack(0x000000b502600000,0x000000b502700000)]
  0x00000272056df000 JavaThread "Unconstrained build operations Thread 27" [_thread_blocked, id=32, stack(0x000000b502700000,0x000000b502800000)]
  0x00000272056de800 JavaThread "Unconstrained build operations Thread 28" [_thread_blocked, id=8352, stack(0x000000b502800000,0x000000b502900000)]
  0x00000272056e1000 JavaThread "Unconstrained build operations Thread 29" [_thread_blocked, id=5824, stack(0x000000b502900000,0x000000b502a00000)]
  0x00000272056e1800 JavaThread "Unconstrained build operations Thread 30" [_thread_blocked, id=8856, stack(0x000000b502a00000,0x000000b502b00000)]
  0x00000272056e2800 JavaThread "Unconstrained build operations Thread 31" [_thread_blocked, id=1604, stack(0x000000b502b00000,0x000000b502c00000)]
  0x00000272056e3000 JavaThread "Unconstrained build operations Thread 32" [_thread_blocked, id=12644, stack(0x000000b502c00000,0x000000b502d00000)]
  0x00000272056dd800 JavaThread "Unconstrained build operations Thread 33" [_thread_blocked, id=7680, stack(0x000000b502d00000,0x000000b502e00000)]
  0x00000272056e8000 JavaThread "Unconstrained build operations Thread 34" [_thread_blocked, id=9128, stack(0x000000b502e00000,0x000000b502f00000)]
  0x00000272056ea000 JavaThread "Unconstrained build operations Thread 35" [_thread_blocked, id=10780, stack(0x000000b502f00000,0x000000b503000000)]
  0x00000272056e4000 JavaThread "Unconstrained build operations Thread 36" [_thread_blocked, id=13356, stack(0x000000b503000000,0x000000b503100000)]
  0x00000272056ea800 JavaThread "Unconstrained build operations Thread 37" [_thread_blocked, id=13784, stack(0x000000b503100000,0x000000b503200000)]
  0x00000272056e5000 JavaThread "Unconstrained build operations Thread 38" [_thread_blocked, id=292, stack(0x000000b503200000,0x000000b503300000)]
  0x00000272056eb800 JavaThread "Unconstrained build operations Thread 39" [_thread_blocked, id=11920, stack(0x000000b503300000,0x000000b503400000)]
  0x00000272056e6800 JavaThread "Unconstrained build operations Thread 40" [_thread_blocked, id=5696, stack(0x000000b503400000,0x000000b503500000)]
  0x00000272056e5800 JavaThread "Unconstrained build operations Thread 41" [_thread_blocked, id=14040, stack(0x000000b503500000,0x000000b503600000)]
  0x00000272056ec000 JavaThread "Unconstrained build operations Thread 42" [_thread_blocked, id=12748, stack(0x000000b503600000,0x000000b503700000)]
  0x00000272056e7800 JavaThread "Unconstrained build operations Thread 43" [_thread_blocked, id=13700, stack(0x000000b503700000,0x000000b503800000)]
  0x00000272056e9000 JavaThread "Unconstrained build operations Thread 44" [_thread_blocked, id=13680, stack(0x000000b503800000,0x000000b503900000)]
  0x0000027207997000 JavaThread "Unconstrained build operations Thread 45" [_thread_blocked, id=14260, stack(0x000000b503900000,0x000000b503a00000)]
  0x0000027207994800 JavaThread "Unconstrained build operations Thread 46" [_thread_blocked, id=13228, stack(0x000000b503a00000,0x000000b503b00000)]
  0x0000027207993000 JavaThread "Unconstrained build operations Thread 47" [_thread_blocked, id=8000, stack(0x000000b503b00000,0x000000b503c00000)]
  0x0000027207994000 JavaThread "Unconstrained build operations Thread 48" [_thread_blocked, id=10296, stack(0x000000b503c00000,0x000000b503d00000)]
  0x0000027207995800 JavaThread "Unconstrained build operations Thread 49" [_thread_blocked, id=4012, stack(0x000000b503d00000,0x000000b503e00000)]
  0x0000027207996000 JavaThread "Unconstrained build operations Thread 50" [_thread_blocked, id=13996, stack(0x000000b503e00000,0x000000b503f00000)]
  0x0000027207998000 JavaThread "Unconstrained build operations Thread 51" [_thread_blocked, id=11568, stack(0x000000b503f00000,0x000000b504000000)]
  0x0000027207992000 JavaThread "Unconstrained build operations Thread 52" [_thread_blocked, id=13260, stack(0x000000b504000000,0x000000b504100000)]
  0x000002720799d800 JavaThread "Unconstrained build operations Thread 53" [_thread_blocked, id=6404, stack(0x000000b504600000,0x000000b504700000)]
  0x000002720799b000 JavaThread "Unconstrained build operations Thread 54" [_thread_blocked, id=5984, stack(0x000000b504800000,0x000000b504900000)]
  0x000002720799e800 JavaThread "Unconstrained build operations Thread 55" [_thread_blocked, id=10956, stack(0x000000b504900000,0x000000b504a00000)]
  0x000002720799a800 JavaThread "Unconstrained build operations Thread 56" [_thread_blocked, id=12108, stack(0x000000b504a00000,0x000000b504b00000)]
  0x000002720799c000 JavaThread "Unconstrained build operations Thread 57" [_thread_blocked, id=4116, stack(0x000000b504b00000,0x000000b504c00000)]
  0x0000027207998800 JavaThread "Unconstrained build operations Thread 58" [_thread_blocked, id=11448, stack(0x000000b504c00000,0x000000b504d00000)]
  0x000002720799f000 JavaThread "Unconstrained build operations Thread 59" [_thread_blocked, id=12004, stack(0x000000b504d00000,0x000000b504e00000)]
  0x0000027207999800 JavaThread "Unconstrained build operations Thread 60" [_thread_blocked, id=6416, stack(0x000000b504e00000,0x000000b504f00000)]
  0x00000272079a0000 JavaThread "Unconstrained build operations Thread 61" [_thread_blocked, id=9312, stack(0x000000b504f00000,0x000000b505000000)]
  0x00000272079a1000 JavaThread "Unconstrained build operations Thread 62" [_thread_blocked, id=7424, stack(0x000000b505000000,0x000000b505100000)]
  0x000002727d925000 JavaThread "Unconstrained build operations Thread 63" [_thread_blocked, id=4276, stack(0x000000b505100000,0x000000b505200000)]
  0x000002727d927000 JavaThread "Unconstrained build operations Thread 64" [_thread_blocked, id=13244, stack(0x000000b505200000,0x000000b505300000)]
  0x000002727d925800 JavaThread "Unconstrained build operations Thread 65" [_thread_blocked, id=3852, stack(0x000000b505400000,0x000000b505500000)]
  0x000002727d928000 JavaThread "Unconstrained build operations Thread 66" [_thread_blocked, id=2876, stack(0x000000b505800000,0x000000b505900000)]
  0x000002727d926800 JavaThread "Unconstrained build operations Thread 67" [_thread_blocked, id=1808, stack(0x000000b505900000,0x000000b505a00000)]
  0x000002727d922800 JavaThread "Unconstrained build operations Thread 68" [_thread_blocked, id=13684, stack(0x000000b505a00000,0x000000b505b00000)]
  0x000002727d929000 JavaThread "Unconstrained build operations Thread 69" [_thread_blocked, id=2560, stack(0x000000b505b00000,0x000000b505c00000)]
  0x000002727d923000 JavaThread "Unconstrained build operations Thread 70" [_thread_blocked, id=1872, stack(0x000000b505c00000,0x000000b505d00000)]
  0x000002727d929800 JavaThread "Unconstrained build operations Thread 71" [_thread_blocked, id=2808, stack(0x000000b505d00000,0x000000b505e00000)]
  0x000002727d924000 JavaThread "Unconstrained build operations Thread 72" [_thread_blocked, id=12432, stack(0x000000b505e00000,0x000000b505f00000)]
  0x000002727d92e800 JavaThread "Unconstrained build operations Thread 73" [_thread_blocked, id=10120, stack(0x000000b505f00000,0x000000b506000000)]
  0x000002727d92a800 JavaThread "Unconstrained build operations Thread 74" [_thread_blocked, id=12992, stack(0x000000b506000000,0x000000b506100000)]
  0x000002727d931000 JavaThread "Unconstrained build operations Thread 75" [_thread_blocked, id=12728, stack(0x000000b506100000,0x000000b506200000)]
  0x000002727d92d000 JavaThread "Unconstrained build operations Thread 76" [_thread_blocked, id=4184, stack(0x000000b506200000,0x000000b506300000)]
  0x000002727d92b800 JavaThread "Unconstrained build operations Thread 77" [_thread_blocked, id=8684, stack(0x000000b506300000,0x000000b506400000)]
  0x000002727d92f800 JavaThread "Unconstrained build operations Thread 78" [_thread_blocked, id=9840, stack(0x000000b506400000,0x000000b506500000)]
  0x000002727d92c000 JavaThread "Unconstrained build operations Thread 79" [_thread_blocked, id=11556, stack(0x000000b506500000,0x000000b506600000)]
  0x000002727d92e000 JavaThread "Unconstrained build operations Thread 80" [_thread_blocked, id=13540, stack(0x000000b506600000,0x000000b506700000)]
  0x0000027201bf1000 JavaThread "build event listener" [_thread_blocked, id=14152, stack(0x000000b506700000,0x000000b506800000)]
  0x0000027201bf0800 JavaThread "Execution worker for ':'" [_thread_blocked, id=6244, stack(0x000000b506800000,0x000000b506900000)]
  0x0000027201bef000 JavaThread "Execution worker for ':' Thread 2" [_thread_blocked, id=11340, stack(0x000000b506900000,0x000000b506a00000)]
  0x0000027201bef800 JavaThread "Execution worker for ':' Thread 3" [_thread_blocked, id=11764, stack(0x000000b506a00000,0x000000b506b00000)]
  0x0000027201bf3800 JavaThread "Execution worker for ':' Thread 4" [_thread_blocked, id=12780, stack(0x000000b506b00000,0x000000b506c00000)]
  0x0000027201bf3000 JavaThread "Execution worker for ':' Thread 5" [_thread_blocked, id=1400, stack(0x000000b506c00000,0x000000b506d00000)]
  0x0000027201bf2000 JavaThread "Execution worker for ':' Thread 6" [_thread_blocked, id=12756, stack(0x000000b506d00000,0x000000b506e00000)]
  0x0000027201bee000 JavaThread "Execution worker for ':' Thread 7" [_thread_blocked, id=13884, stack(0x000000b506e00000,0x000000b506f00000)]
  0x0000027201bf5800 JavaThread "Cache worker for execution history cache (C:\Users\Turonbank\AndroidStudioProjects\AndroidAdavacedKotlin\.gradle\7.3.3\executionHistory)" [_thread_blocked, id=9272, stack(0x000000b506f00000,0x000000b507000000)]
  0x0000027201bfa000 JavaThread "WorkerExecutor Queue" [_thread_blocked, id=14056, stack(0x000000b507000000,0x000000b507100000)]
  0x0000027201bf8800 JavaThread "pool-39-thread-1" [_thread_blocked, id=10452, stack(0x000000b507100000,0x000000b507200000)]
  0x0000027201bf7000 JavaThread "stderr" [_thread_in_native, id=11740, stack(0x000000b507200000,0x000000b507300000)]
  0x0000027201bf4800 JavaThread "stdout" [_thread_in_native, id=13516, stack(0x000000b507300000,0x000000b507400000)]

Other Threads:
  0x000002727b83c000 VMThread "VM Thread" [stack: 0x000000b57c100000,0x000000b57c200000] [id=8304]
  0x000002727c33f000 WatcherThread [stack: 0x000000b57cb00000,0x000000b57cc00000] [id=14308]
  0x000002725f413800 GCTaskThread "GC Thread#0" [stack: 0x000000b57bc00000,0x000000b57bd00000] [id=4512]
  0x000002727d3f2800 GCTaskThread "GC Thread#1" [stack: 0x000000b57cd00000,0x000000b57ce00000] [id=300]
  0x000002727d218800 GCTaskThread "GC Thread#2" [stack: 0x000000b57ce00000,0x000000b57cf00000] [id=10576]
  0x000002727d46f800 GCTaskThread "GC Thread#3" [stack: 0x000000b57d800000,0x000000b57d900000] [id=12736]
  0x000002727e846000 GCTaskThread "GC Thread#4" [stack: 0x000000b57d900000,0x000000b57da00000] [id=13360]
  0x000002727e6c0800 GCTaskThread "GC Thread#5" [stack: 0x000000b57da00000,0x000000b57db00000] [id=3560]
  0x000002727ec78000 GCTaskThread "GC Thread#6" [stack: 0x000000b57db00000,0x000000b57dc00000] [id=13340]
  0x000002727eb56800 GCTaskThread "GC Thread#7" [stack: 0x000000b57dc00000,0x000000b57dd00000] [id=4044]
  0x000002725f446800 ConcurrentGCThread "G1 Main Marker" [stack: 0x000000b57bd00000,0x000000b57be00000] [id=13664]
  0x000002725f448800 ConcurrentGCThread "G1 Conc#0" [stack: 0x000000b57be00000,0x000000b57bf00000] [id=7188]
  0x000002727ec23800 ConcurrentGCThread "G1 Conc#1" [stack: 0x000000b57e100000,0x000000b57e200000] [id=13828]
  0x000002725f4d8800 ConcurrentGCThread "G1 Refine#0" [stack: 0x000000b57bf00000,0x000000b57c000000] [id=10412]
  0x000002727cf75800 ConcurrentGCThread "G1 Refine#1" [stack: 0x000000b57dd00000,0x000000b57de00000] [id=12928]
  0x000002727b690800 ConcurrentGCThread "G1 Young RemSet Sampling" [stack: 0x000000b57c000000,0x000000b57c100000] [id=13796]

Threads with active compile tasks:
C2 CompilerThread01008157 26723       4       org.gradle.api.internal.artifacts.ivyservice.resolveengine.artifact.ResolvedArtifactsGraphVisitor::getArtifacts (197 bytes)

VM state:not at safepoint (normal execution)

VM Mutex/Monitor currently owned by a thread: None

Heap address: 0x0000000080000000, size: 2048 MB, Compressed Oops mode: 32-bit
Narrow klass base: 0x0000000000000000, Narrow klass shift: 3
Compressed class space size: 1073741824 Address: 0x0000000100000000

Heap:
 garbage-first heap   total 227328K, used 143736K [0x0000000080000000, 0x0000000100000000)
  region size 1024K, 32 young (32768K), 5 survivors (5120K)
 Metaspace       used 130703K, capacity 135123K, committed 135256K, reserved 1167360K
  class space    used 16345K, capacity 18005K, committed 18048K, reserved 1048576K
Heap Regions: E=young(eden), S=young(survivor), O=old, HS=humongous(starts), HC=humongous(continues), CS=collection set, F=free, A=archive, TAMS=top-at-mark-start (previous, next)
|   0|0x0000000080000000, 0x0000000080100000, 0x0000000080100000|100%| O|  |TAMS 0x0000000080100000, 0x0000000080000000| Untracked 
|   1|0x0000000080100000, 0x0000000080200000, 0x0000000080200000|100%| O|  |TAMS 0x0000000080200000, 0x0000000080100000| Untracked 
|   2|0x0000000080200000, 0x0000000080300000, 0x0000000080300000|100%| O|  |TAMS 0x0000000080300000, 0x0000000080200000| Untracked 
|   3|0x0000000080300000, 0x0000000080400000, 0x0000000080400000|100%|HS|  |TAMS 0x0000000080400000, 0x0000000080300000| Complete 
|   4|0x0000000080400000, 0x0000000080500000, 0x0000000080500000|100%|HC|  |TAMS 0x0000000080500000, 0x0000000080400000| Complete 
|   5|0x0000000080500000, 0x0000000080600000, 0x0000000080600000|100%|HC|  |TAMS 0x0000000080600000, 0x0000000080500000| Complete 
|   6|0x0000000080600000, 0x0000000080700000, 0x0000000080700000|100%| O|  |TAMS 0x0000000080700000, 0x0000000080600000| Untracked 
|   7|0x0000000080700000, 0x0000000080800000, 0x0000000080800000|100%| O|  |TAMS 0x0000000080800000, 0x0000000080700000| Complete 
|   8|0x0000000080800000, 0x0000000080900000, 0x0000000080900000|100%| O|  |TAMS 0x0000000080900000, 0x0000000080800000| Untracked 
|   9|0x0000000080900000, 0x0000000080a00000, 0x0000000080a00000|100%| O|  |TAMS 0x0000000080a00000, 0x0000000080900000| Complete 
|  10|0x0000000080a00000, 0x0000000080b00000, 0x0000000080b00000|100%| O|  |TAMS 0x0000000080b00000, 0x0000000080a00000| Untracked 
|  11|0x0000000080b00000, 0x0000000080c00000, 0x0000000080c00000|100%| O|  |TAMS 0x0000000080c00000, 0x0000000080b00000| Complete 
|  12|0x0000000080c00000, 0x0000000080d00000, 0x0000000080d00000|100%| O|  |TAMS 0x0000000080d00000, 0x0000000080c00000| Untracked 
|  13|0x0000000080d00000, 0x0000000080e00000, 0x0000000080e00000|100%| O|  |TAMS 0x0000000080e00000, 0x0000000080d00000| Untracked 
|  14|0x0000000080e00000, 0x0000000080f00000, 0x0000000080f00000|100%| O|  |TAMS 0x0000000080f00000, 0x0000000080e00000| Untracked 
|  15|0x0000000080f00000, 0x0000000081000000, 0x0000000081000000|100%| O|  |TAMS 0x0000000081000000, 0x0000000080f00000| Complete 
|  16|0x0000000081000000, 0x0000000081100000, 0x0000000081100000|100%| O|  |TAMS 0x0000000081100000, 0x0000000081000000| Untracked 
|  17|0x0000000081100000, 0x0000000081200000, 0x0000000081200000|100%| O|  |TAMS 0x0000000081200000, 0x0000000081100000| Untracked 
|  18|0x0000000081200000, 0x0000000081300000, 0x0000000081300000|100%| O|  |TAMS 0x0000000081300000, 0x0000000081200000| Untracked 
|  19|0x0000000081300000, 0x0000000081400000, 0x0000000081400000|100%| O|  |TAMS 0x0000000081400000, 0x0000000081300000| Untracked 
|  20|0x0000000081400000, 0x0000000081500000, 0x0000000081500000|100%| O|  |TAMS 0x0000000081500000, 0x0000000081400000| Untracked 
|  21|0x0000000081500000, 0x0000000081600000, 0x0000000081600000|100%| O|  |TAMS 0x0000000081600000, 0x0000000081500000| Untracked 
|  22|0x0000000081600000, 0x0000000081700000, 0x0000000081700000|100%| O|  |TAMS 0x0000000081700000, 0x0000000081600000| Complete 
|  23|0x0000000081700000, 0x0000000081800000, 0x0000000081800000|100%| O|  |TAMS 0x0000000081800000, 0x0000000081700000| Complete 
|  24|0x0000000081800000, 0x0000000081900000, 0x0000000081900000|100%| O|  |TAMS 0x0000000081900000, 0x0000000081800000| Untracked 
|  25|0x0000000081900000, 0x0000000081a00000, 0x0000000081a00000|100%| O|  |TAMS 0x0000000081a00000, 0x0000000081900000| Untracked 
|  26|0x0000000081a00000, 0x0000000081b00000, 0x0000000081b00000|100%| O|  |TAMS 0x0000000081b00000, 0x0000000081a00000| Untracked 
|  27|0x0000000081b00000, 0x0000000081c00000, 0x0000000081c00000|100%| O|  |TAMS 0x0000000081c00000, 0x0000000081b00000| Complete 
|  28|0x0000000081c00000, 0x0000000081d00000, 0x0000000081d00000|100%|HS|  |TAMS 0x0000000081d00000, 0x0000000081c00000| Complete 
|  29|0x0000000081d00000, 0x0000000081e00000, 0x0000000081e00000|100%|HS|  |TAMS 0x0000000081e00000, 0x0000000081d00000| Complete 
|  30|0x0000000081e00000, 0x0000000081f00000, 0x0000000081f00000|100%|HS|  |TAMS 0x0000000081f00000, 0x0000000081e00000| Complete 
|  31|0x0000000081f00000, 0x0000000082000000, 0x0000000082000000|100%|HS|  |TAMS 0x0000000082000000, 0x0000000081f00000| Complete 
|  32|0x0000000082000000, 0x0000000082100000, 0x0000000082100000|100%|HC|  |TAMS 0x0000000082100000, 0x0000000082000000| Complete 
|  33|0x0000000082100000, 0x0000000082200000, 0x0000000082200000|100%|HC|  |TAMS 0x0000000082200000, 0x0000000082100000| Complete 
|  34|0x0000000082200000, 0x0000000082300000, 0x0000000082300000|100%|HS|  |TAMS 0x0000000082300000, 0x0000000082200000| Complete 
|  35|0x0000000082300000, 0x0000000082400000, 0x0000000082400000|100%|HC|  |TAMS 0x0000000082400000, 0x0000000082300000| Complete 
|  36|0x0000000082400000, 0x0000000082500000, 0x0000000082500000|100%| O|  |TAMS 0x0000000082500000, 0x0000000082400000| Untracked 
|  37|0x0000000082500000, 0x0000000082600000, 0x0000000082600000|100%| O|  |TAMS 0x0000000082600000, 0x0000000082500000| Untracked 
|  38|0x0000000082600000, 0x0000000082700000, 0x0000000082700000|100%| O|  |TAMS 0x0000000082700000, 0x0000000082600000| Untracked 
|  39|0x0000000082700000, 0x0000000082800000, 0x0000000082800000|100%| O|  |TAMS 0x0000000082800000, 0x0000000082700000| Complete 
|  40|0x0000000082800000, 0x0000000082900000, 0x0000000082900000|100%| O|  |TAMS 0x0000000082900000, 0x0000000082800000| Complete 
|  41|0x0000000082900000, 0x0000000082a00000, 0x0000000082a00000|100%| O|  |TAMS 0x0000000082a00000, 0x0000000082900000| Untracked 
|  42|0x0000000082a00000, 0x0000000082b00000, 0x0000000082b00000|100%| O|  |TAMS 0x0000000082b00000, 0x0000000082a00000| Untracked 
|  43|0x0000000082b00000, 0x0000000082c00000, 0x0000000082c00000|100%| O|  |TAMS 0x0000000082c00000, 0x0000000082b00000| Complete 
|  44|0x0000000082c00000, 0x0000000082d00000, 0x0000000082d00000|100%| O|  |TAMS 0x0000000082d00000, 0x0000000082c00000| Untracked 
|  45|0x0000000082d00000, 0x0000000082e00000, 0x0000000082e00000|100%| O|  |TAMS 0x0000000082e00000, 0x0000000082d00000| Complete 
|  46|0x0000000082e00000, 0x0000000082f00000, 0x0000000082f00000|100%| O|  |TAMS 0x0000000082f00000, 0x0000000082e00000| Untracked 
|  47|0x0000000082f00000, 0x0000000083000000, 0x0000000083000000|100%| O|  |TAMS 0x0000000083000000, 0x0000000082f00000| Untracked 
|  48|0x0000000083000000, 0x0000000083100000, 0x0000000083100000|100%| O|  |TAMS 0x0000000083100000, 0x0000000083000000| Complete 
|  49|0x0000000083100000, 0x0000000083200000, 0x0000000083200000|100%| O|  |TAMS 0x0000000083200000, 0x0000000083100000| Complete 
|  50|0x0000000083200000, 0x0000000083300000, 0x0000000083300000|100%| O|  |TAMS 0x0000000083300000, 0x0000000083200000| Complete 
|  51|0x0000000083300000, 0x0000000083400000, 0x0000000083400000|100%| O|  |TAMS 0x0000000083400000, 0x0000000083300000| Complete 
|  52|0x0000000083400000, 0x0000000083500000, 0x0000000083500000|100%| O|  |TAMS 0x0000000083500000, 0x0000000083400000| Untracked 
|  53|0x0000000083500000, 0x0000000083600000, 0x0000000083600000|100%| O|  |TAMS 0x0000000083600000, 0x0000000083500000| Untracked 
|  54|0x0000000083600000, 0x0000000083700000, 0x0000000083700000|100%| O|  |TAMS 0x0000000083700000, 0x0000000083600000| Untracked 
|  55|0x0000000083700000, 0x0000000083800000, 0x0000000083800000|100%| O|  |TAMS 0x0000000083800000, 0x0000000083700000| Untracked 
|  56|0x0000000083800000, 0x0000000083900000, 0x0000000083900000|100%| O|  |TAMS 0x0000000083900000, 0x0000000083800000| Complete 
|  57|0x0000000083900000, 0x0000000083a00000, 0x0000000083a00000|100%| O|  |TAMS 0x0000000083a00000, 0x0000000083900000| Complete 
|  58|0x0000000083a00000, 0x0000000083b00000, 0x0000000083b00000|100%| O|  |TAMS 0x0000000083b00000, 0x0000000083a00000| Untracked 
|  59|0x0000000083b00000, 0x0000000083c00000, 0x0000000083c00000|100%| O|  |TAMS 0x0000000083c00000, 0x0000000083b00000| Untracked 
|  60|0x0000000083c00000, 0x0000000083d00000, 0x0000000083d00000|100%| O|  |TAMS 0x0000000083d00000, 0x0000000083c00000| Untracked 
|  61|0x0000000083d00000, 0x0000000083e00000, 0x0000000083e00000|100%| O|  |TAMS 0x0000000083e00000, 0x0000000083d00000| Complete 
|  62|0x0000000083e00000, 0x0000000083e00000, 0x0000000083f00000|  0%| F|  |TAMS 0x0000000083e00000, 0x0000000083e00000| Untracked 
|  63|0x0000000083f00000, 0x0000000084000000, 0x0000000084000000|100%| O|  |TAMS 0x0000000084000000, 0x0000000083f00000| Complete 
|  64|0x0000000084000000, 0x0000000084100000, 0x0000000084100000|100%| O|  |TAMS 0x0000000084100000, 0x0000000084000000| Complete 
|  65|0x0000000084100000, 0x0000000084200000, 0x0000000084200000|100%| O|  |TAMS 0x0000000084200000, 0x0000000084100000| Untracked 
|  66|0x0000000084200000, 0x0000000084300000, 0x0000000084300000|100%| O|  |TAMS 0x0000000084300000, 0x0000000084200000| Untracked 
|  67|0x0000000084300000, 0x0000000084400000, 0x0000000084400000|100%| O|  |TAMS 0x0000000084400000, 0x0000000084300000| Untracked 
|  68|0x0000000084400000, 0x0000000084500000, 0x0000000084500000|100%| O|  |TAMS 0x0000000084500000, 0x0000000084400000| Untracked 
|  69|0x0000000084500000, 0x0000000084600000, 0x0000000084600000|100%| O|  |TAMS 0x0000000084600000, 0x0000000084500000| Untracked 
|  70|0x0000000084600000, 0x0000000084700000, 0x0000000084700000|100%| O|  |TAMS 0x0000000084700000, 0x0000000084600000| Complete 
|  71|0x0000000084700000, 0x0000000084800000, 0x0000000084800000|100%| O|  |TAMS 0x0000000084800000, 0x0000000084700000| Complete 
|  72|0x0000000084800000, 0x0000000084900000, 0x0000000084900000|100%| O|  |TAMS 0x0000000084900000, 0x0000000084800000| Untracked 
|  73|0x0000000084900000, 0x0000000084a00000, 0x0000000084a00000|100%| O|  |TAMS 0x0000000084a00000, 0x0000000084900000| Untracked 
|  74|0x0000000084a00000, 0x0000000084b00000, 0x0000000084b00000|100%| O|  |TAMS 0x0000000084b00000, 0x0000000084a00000| Complete 
|  75|0x0000000084b00000, 0x0000000084b00000, 0x0000000084c00000|  0%| F|  |TAMS 0x0000000084b00000, 0x0000000084b00000| Untracked 
|  76|0x0000000084c00000, 0x0000000084d00000, 0x0000000084d00000|100%| O|  |TAMS 0x0000000084d00000, 0x0000000084c00000| Untracked 
|  77|0x0000000084d00000, 0x0000000084e00000, 0x0000000084e00000|100%| O|  |TAMS 0x0000000084e00000, 0x0000000084d00000| Complete 
|  78|0x0000000084e00000, 0x0000000084f00000, 0x0000000084f00000|100%| O|  |TAMS 0x0000000084f00000, 0x0000000084e00000| Untracked 
|  79|0x0000000084f00000, 0x0000000085000000, 0x0000000085000000|100%| O|  |TAMS 0x0000000085000000, 0x0000000084f00000| Complete 
|  80|0x0000000085000000, 0x0000000085100000, 0x0000000085100000|100%| O|  |TAMS 0x0000000085100000, 0x0000000085000000| Untracked 
|  81|0x0000000085100000, 0x0000000085200000, 0x0000000085200000|100%| O|  |TAMS 0x0000000085200000, 0x0000000085100000| Untracked 
|  82|0x0000000085200000, 0x0000000085300000, 0x0000000085300000|100%| O|  |TAMS 0x0000000085300000, 0x0000000085200000| Untracked 
|  83|0x0000000085300000, 0x0000000085400000, 0x0000000085400000|100%| O|  |TAMS 0x0000000085400000, 0x0000000085300000| Complete 
|  84|0x0000000085400000, 0x0000000085500000, 0x0000000085500000|100%| O|  |TAMS 0x0000000085500000, 0x0000000085400000| Complete 
|  85|0x0000000085500000, 0x0000000085600000, 0x0000000085600000|100%| O|  |TAMS 0x0000000085600000, 0x0000000085500000| Untracked 
|  86|0x0000000085600000, 0x0000000085700000, 0x0000000085700000|100%| O|  |TAMS 0x0000000085700000, 0x0000000085600000| Untracked 
|  87|0x0000000085700000, 0x0000000085800000, 0x0000000085800000|100%| O|  |TAMS 0x0000000085800000, 0x0000000085700000| Complete 
|  88|0x0000000085800000, 0x0000000085900000, 0x0000000085900000|100%| O|  |TAMS 0x0000000085900000, 0x0000000085800000| Complete 
|  89|0x0000000085900000, 0x0000000085900000, 0x0000000085a00000|  0%| F|  |TAMS 0x0000000085900000, 0x0000000085900000| Untracked 
|  90|0x0000000085a00000, 0x0000000085b00000, 0x0000000085b00000|100%| O|  |TAMS 0x0000000085b00000, 0x0000000085a00000| Untracked 
|  91|0x0000000085b00000, 0x0000000085c00000, 0x0000000085c00000|100%| O|  |TAMS 0x0000000085c00000, 0x0000000085b00000| Untracked 
|  92|0x0000000085c00000, 0x0000000085d00000, 0x0000000085d00000|100%| O|  |TAMS 0x0000000085d00000, 0x0000000085c00000| Untracked 
|  93|0x0000000085d00000, 0x0000000085e00000, 0x0000000085e00000|100%| O|  |TAMS 0x0000000085e00000, 0x0000000085d00000| Complete 
|  94|0x0000000085e00000, 0x0000000085e00000, 0x0000000085f00000|  0%| F|  |TAMS 0x0000000085e00000, 0x0000000085e00000| Untracked 
|  95|0x0000000085f00000, 0x0000000085f00000, 0x0000000086000000|  0%| F|  |TAMS 0x0000000085f00000, 0x0000000085f00000| Untracked 
|  96|0x0000000086000000, 0x0000000086100000, 0x0000000086100000|100%| O|  |TAMS 0x0000000086100000, 0x0000000086000000| Complete 
|  97|0x0000000086100000, 0x0000000086100000, 0x0000000086200000|  0%| F|  |TAMS 0x0000000086100000, 0x0000000086100000| Untracked 
|  98|0x0000000086200000, 0x0000000086200000, 0x0000000086300000|  0%| F|  |TAMS 0x0000000086200000, 0x0000000086200000| Untracked 
|  99|0x0000000086300000, 0x0000000086300000, 0x0000000086400000|  0%| F|  |TAMS 0x0000000086300000, 0x0000000086300000| Untracked 
| 100|0x0000000086400000, 0x0000000086400000, 0x0000000086500000|  0%| F|  |TAMS 0x0000000086400000, 0x0000000086400000| Untracked 
| 101|0x0000000086500000, 0x0000000086500000, 0x0000000086600000|  0%| F|  |TAMS 0x0000000086500000, 0x0000000086500000| Untracked 
| 102|0x0000000086600000, 0x0000000086600000, 0x0000000086700000|  0%| F|  |TAMS 0x0000000086600000, 0x0000000086600000| Untracked 
| 103|0x0000000086700000, 0x0000000086700000, 0x0000000086800000|  0%| F|  |TAMS 0x0000000086700000, 0x0000000086700000| Untracked 
| 104|0x0000000086800000, 0x0000000086800000, 0x0000000086900000|  0%| F|  |TAMS 0x0000000086800000, 0x0000000086800000| Untracked 
| 105|0x0000000086900000, 0x0000000086900000, 0x0000000086a00000|  0%| F|  |TAMS 0x0000000086900000, 0x0000000086900000| Untracked 
| 106|0x0000000086a00000, 0x0000000086b00000, 0x0000000086b00000|100%| O|  |TAMS 0x0000000086b00000, 0x0000000086a00000| Untracked 
| 107|0x0000000086b00000, 0x0000000086c00000, 0x0000000086c00000|100%| O|  |TAMS 0x0000000086c00000, 0x0000000086b00000| Untracked 
| 108|0x0000000086c00000, 0x0000000086c00000, 0x0000000086d00000|  0%| F|  |TAMS 0x0000000086c00000, 0x0000000086c00000| Untracked 
| 109|0x0000000086d00000, 0x0000000086d00000, 0x0000000086e00000|  0%| F|  |TAMS 0x0000000086d00000, 0x0000000086d00000| Untracked 
| 110|0x0000000086e00000, 0x0000000086e00000, 0x0000000086f00000|  0%| F|  |TAMS 0x0000000086e00000, 0x0000000086e00000| Untracked 
| 111|0x0000000086f00000, 0x0000000086f00000, 0x0000000087000000|  0%| F|  |TAMS 0x0000000086f00000, 0x0000000086f00000| Untracked 
| 112|0x0000000087000000, 0x0000000087100000, 0x0000000087100000|100%| O|  |TAMS 0x0000000087100000, 0x0000000087000000| Complete 
| 113|0x0000000087100000, 0x0000000087200000, 0x0000000087200000|100%| O|  |TAMS 0x0000000087200000, 0x0000000087100000| Complete 
| 114|0x0000000087200000, 0x0000000087300000, 0x0000000087300000|100%| O|  |TAMS 0x0000000087300000, 0x0000000087200000| Complete 
| 115|0x0000000087300000, 0x0000000087300000, 0x0000000087400000|  0%| F|  |TAMS 0x0000000087300000, 0x0000000087300000| Untracked 
| 116|0x0000000087400000, 0x0000000087500000, 0x0000000087500000|100%| O|  |TAMS 0x0000000087500000, 0x0000000087400000| Complete 
| 117|0x0000000087500000, 0x0000000087500000, 0x0000000087600000|  0%| F|  |TAMS 0x0000000087500000, 0x0000000087500000| Untracked 
| 118|0x0000000087600000, 0x0000000087600000, 0x0000000087700000|  0%| F|  |TAMS 0x0000000087600000, 0x0000000087600000| Untracked 
| 119|0x0000000087700000, 0x0000000087800000, 0x0000000087800000|100%| O|  |TAMS 0x0000000087800000, 0x0000000087700000| Untracked 
| 120|0x0000000087800000, 0x0000000087900000, 0x0000000087900000|100%| O|  |TAMS 0x0000000087900000, 0x0000000087800000| Complete 
| 121|0x0000000087900000, 0x0000000087a00000, 0x0000000087a00000|100%| O|  |TAMS 0x0000000087a00000, 0x0000000087900000| Complete 
| 122|0x0000000087a00000, 0x0000000087a00000, 0x0000000087b00000|  0%| F|  |TAMS 0x0000000087a00000, 0x0000000087a00000| Untracked 
| 123|0x0000000087b00000, 0x0000000087b00000, 0x0000000087c00000|  0%| F|  |TAMS 0x0000000087b00000, 0x0000000087b00000| Untracked 
| 124|0x0000000087c00000, 0x0000000087c00000, 0x0000000087d00000|  0%| F|  |TAMS 0x0000000087c00000, 0x0000000087c00000| Untracked 
| 125|0x0000000087d00000, 0x0000000087d00000, 0x0000000087e00000|  0%| F|  |TAMS 0x0000000087d00000, 0x0000000087d00000| Untracked 
| 126|0x0000000087e00000, 0x0000000087e00000, 0x0000000087f00000|  0%| F|  |TAMS 0x0000000087e00000, 0x0000000087e00000| Untracked 
| 127|0x0000000087f00000, 0x0000000088000000, 0x0000000088000000|100%| O|  |TAMS 0x0000000088000000, 0x0000000087f00000| Complete 
| 128|0x0000000088000000, 0x0000000088100000, 0x0000000088100000|100%| O|  |TAMS 0x0000000088100000, 0x0000000088000000| Complete 
| 129|0x0000000088100000, 0x0000000088200000, 0x0000000088200000|100%| O|  |TAMS 0x0000000088200000, 0x0000000088100000| Untracked 
| 130|0x0000000088200000, 0x0000000088300000, 0x0000000088300000|100%| O|  |TAMS 0x0000000088300000, 0x0000000088200000| Untracked 
| 131|0x0000000088300000, 0x0000000088400000, 0x0000000088400000|100%| O|  |TAMS 0x0000000088400000, 0x0000000088300000| Complete 
| 132|0x0000000088400000, 0x0000000088500000, 0x0000000088500000|100%| O|  |TAMS 0x0000000088500000, 0x0000000088400000| Complete 
| 133|0x0000000088500000, 0x0000000088583600, 0x0000000088600000| 51%| O|  |TAMS 0x0000000088583600, 0x0000000088500000| Untracked 
| 134|0x0000000088600000, 0x0000000088600000, 0x0000000088700000|  0%| F|  |TAMS 0x0000000088600000, 0x0000000088600000| Untracked 
| 135|0x0000000088700000, 0x0000000088700000, 0x0000000088800000|  0%| F|  |TAMS 0x0000000088700000, 0x0000000088700000| Untracked 
| 136|0x0000000088800000, 0x0000000088800000, 0x0000000088900000|  0%| F|  |TAMS 0x0000000088800000, 0x0000000088800000| Untracked 
| 137|0x0000000088900000, 0x0000000088900000, 0x0000000088a00000|  0%| F|  |TAMS 0x0000000088900000, 0x0000000088900000| Untracked 
| 138|0x0000000088a00000, 0x0000000088a00000, 0x0000000088b00000|  0%| F|  |TAMS 0x0000000088a00000, 0x0000000088a00000| Untracked 
| 139|0x0000000088b00000, 0x0000000088b00000, 0x0000000088c00000|  0%| F|  |TAMS 0x0000000088b00000, 0x0000000088b00000| Untracked 
| 140|0x0000000088c00000, 0x0000000088c00000, 0x0000000088d00000|  0%| F|  |TAMS 0x0000000088c00000, 0x0000000088c00000| Untracked 
| 141|0x0000000088d00000, 0x0000000088d00000, 0x0000000088e00000|  0%| F|  |TAMS 0x0000000088d00000, 0x0000000088d00000| Untracked 
| 142|0x0000000088e00000, 0x0000000088e00000, 0x0000000088f00000|  0%| F|  |TAMS 0x0000000088e00000, 0x0000000088e00000| Untracked 
| 143|0x0000000088f00000, 0x0000000088f00000, 0x0000000089000000|  0%| F|  |TAMS 0x0000000088f00000, 0x0000000088f00000| Untracked 
| 144|0x0000000089000000, 0x0000000089000000, 0x0000000089100000|  0%| F|  |TAMS 0x0000000089000000, 0x0000000089000000| Untracked 
| 145|0x0000000089100000, 0x0000000089100000, 0x0000000089200000|  0%| F|  |TAMS 0x0000000089100000, 0x0000000089100000| Untracked 
| 146|0x0000000089200000, 0x0000000089200000, 0x0000000089300000|  0%| F|  |TAMS 0x0000000089200000, 0x0000000089200000| Untracked 
| 147|0x0000000089300000, 0x0000000089400000, 0x0000000089400000|100%| O|  |TAMS 0x0000000089400000, 0x0000000089300000| Complete 
| 148|0x0000000089400000, 0x0000000089500000, 0x0000000089500000|100%| O|  |TAMS 0x0000000089500000, 0x0000000089400000| Complete 
| 149|0x0000000089500000, 0x0000000089600000, 0x0000000089600000|100%| O|  |TAMS 0x0000000089600000, 0x0000000089500000| Complete 
| 150|0x0000000089600000, 0x0000000089600000, 0x0000000089700000|  0%| F|  |TAMS 0x0000000089600000, 0x0000000089600000| Untracked 
| 151|0x0000000089700000, 0x0000000089700000, 0x0000000089800000|  0%| F|  |TAMS 0x0000000089700000, 0x0000000089700000| Untracked 
| 152|0x0000000089800000, 0x0000000089800000, 0x0000000089900000|  0%| F|  |TAMS 0x0000000089800000, 0x0000000089800000| Untracked 
| 153|0x0000000089900000, 0x0000000089900000, 0x0000000089a00000|  0%| F|  |TAMS 0x0000000089900000, 0x0000000089900000| Untracked 
| 154|0x0000000089a00000, 0x0000000089a00000, 0x0000000089b00000|  0%| F|  |TAMS 0x0000000089a00000, 0x0000000089a00000| Untracked 
| 155|0x0000000089b00000, 0x0000000089b00000, 0x0000000089c00000|  0%| F|  |TAMS 0x0000000089b00000, 0x0000000089b00000| Untracked 
| 156|0x0000000089c00000, 0x0000000089c00000, 0x0000000089d00000|  0%| F|  |TAMS 0x0000000089c00000, 0x0000000089c00000| Untracked 
| 157|0x0000000089d00000, 0x0000000089d00000, 0x0000000089e00000|  0%| F|  |TAMS 0x0000000089d00000, 0x0000000089d00000| Untracked 
| 158|0x0000000089e00000, 0x0000000089e00000, 0x0000000089f00000|  0%| F|  |TAMS 0x0000000089e00000, 0x0000000089e00000| Untracked 
| 159|0x0000000089f00000, 0x0000000089f00000, 0x000000008a000000|  0%| F|  |TAMS 0x0000000089f00000, 0x0000000089f00000| Untracked 
| 160|0x000000008a000000, 0x000000008a000000, 0x000000008a100000|  0%| F|  |TAMS 0x000000008a000000, 0x000000008a000000| Untracked 
| 161|0x000000008a100000, 0x000000008a100000, 0x000000008a200000|  0%| F|  |TAMS 0x000000008a100000, 0x000000008a100000| Untracked 
| 162|0x000000008a200000, 0x000000008a200000, 0x000000008a300000|  0%| F|  |TAMS 0x000000008a200000, 0x000000008a200000| Untracked 
| 163|0x000000008a300000, 0x000000008a300000, 0x000000008a400000|  0%| F|  |TAMS 0x000000008a300000, 0x000000008a300000| Untracked 
| 164|0x000000008a400000, 0x000000008a400000, 0x000000008a500000|  0%| F|  |TAMS 0x000000008a400000, 0x000000008a400000| Untracked 
| 165|0x000000008a500000, 0x000000008a500000, 0x000000008a600000|  0%| F|  |TAMS 0x000000008a500000, 0x000000008a500000| Untracked 
| 166|0x000000008a600000, 0x000000008a600000, 0x000000008a700000|  0%| F|  |TAMS 0x000000008a600000, 0x000000008a600000| Untracked 
| 167|0x000000008a700000, 0x000000008a700000, 0x000000008a800000|  0%| F|  |TAMS 0x000000008a700000, 0x000000008a700000| Untracked 
| 168|0x000000008a800000, 0x000000008a800000, 0x000000008a900000|  0%| F|  |TAMS 0x000000008a800000, 0x000000008a800000| Untracked 
| 169|0x000000008a900000, 0x000000008a900000, 0x000000008aa00000|  0%| F|  |TAMS 0x000000008a900000, 0x000000008a900000| Untracked 
| 170|0x000000008aa00000, 0x000000008aa00000, 0x000000008ab00000|  0%| F|  |TAMS 0x000000008aa00000, 0x000000008aa00000| Untracked 
| 171|0x000000008ab00000, 0x000000008ab00000, 0x000000008ac00000|  0%| F|  |TAMS 0x000000008ab00000, 0x000000008ab00000| Untracked 
| 172|0x000000008ac00000, 0x000000008ac00000, 0x000000008ad00000|  0%| F|  |TAMS 0x000000008ac00000, 0x000000008ac00000| Untracked 
| 173|0x000000008ad00000, 0x000000008ad00000, 0x000000008ae00000|  0%| F|  |TAMS 0x000000008ad00000, 0x000000008ad00000| Untracked 
| 174|0x000000008ae00000, 0x000000008ae00000, 0x000000008af00000|  0%| F|  |TAMS 0x000000008ae00000, 0x000000008ae00000| Untracked 
| 175|0x000000008af00000, 0x000000008af00000, 0x000000008b000000|  0%| F|  |TAMS 0x000000008af00000, 0x000000008af00000| Untracked 
| 176|0x000000008b000000, 0x000000008b000000, 0x000000008b100000|  0%| F|  |TAMS 0x000000008b000000, 0x000000008b000000| Untracked 
| 177|0x000000008b100000, 0x000000008b100000, 0x000000008b200000|  0%| F|  |TAMS 0x000000008b100000, 0x000000008b100000| Untracked 
| 178|0x000000008b200000, 0x000000008b2dad60, 0x000000008b300000| 85%| S|CS|TAMS 0x000000008b200000, 0x000000008b200000| Complete 
| 179|0x000000008b300000, 0x000000008b400000, 0x000000008b400000|100%| S|CS|TAMS 0x000000008b300000, 0x000000008b300000| Complete 
| 180|0x000000008b400000, 0x000000008b500000, 0x000000008b500000|100%| S|CS|TAMS 0x000000008b400000, 0x000000008b400000| Complete 
| 181|0x000000008b500000, 0x000000008b600000, 0x000000008b600000|100%| S|CS|TAMS 0x000000008b500000, 0x000000008b500000| Complete 
| 182|0x000000008b600000, 0x000000008b700000, 0x000000008b700000|100%| S|CS|TAMS 0x000000008b600000, 0x000000008b600000| Complete 
| 183|0x000000008b700000, 0x000000008b700000, 0x000000008b800000|  0%| F|  |TAMS 0x000000008b700000, 0x000000008b700000| Untracked 
| 184|0x000000008b800000, 0x000000008b800000, 0x000000008b900000|  0%| F|  |TAMS 0x000000008b800000, 0x000000008b800000| Untracked 
| 185|0x000000008b900000, 0x000000008b900000, 0x000000008ba00000|  0%| F|  |TAMS 0x000000008b900000, 0x000000008b900000| Untracked 
| 186|0x000000008ba00000, 0x000000008ba00000, 0x000000008bb00000|  0%| F|  |TAMS 0x000000008ba00000, 0x000000008ba00000| Untracked 
| 187|0x000000008bb00000, 0x000000008bb00000, 0x000000008bc00000|  0%| F|  |TAMS 0x000000008bb00000, 0x000000008bb00000| Untracked 
| 188|0x000000008bc00000, 0x000000008bc00000, 0x000000008bd00000|  0%| F|  |TAMS 0x000000008bc00000, 0x000000008bc00000| Untracked 
| 189|0x000000008bd00000, 0x000000008bd00000, 0x000000008be00000|  0%| F|  |TAMS 0x000000008bd00000, 0x000000008bd00000| Untracked 
| 190|0x000000008be00000, 0x000000008be00000, 0x000000008bf00000|  0%| F|  |TAMS 0x000000008be00000, 0x000000008be00000| Untracked 
| 191|0x000000008bf00000, 0x000000008bf00000, 0x000000008c000000|  0%| F|  |TAMS 0x000000008bf00000, 0x000000008bf00000| Untracked 
| 192|0x000000008c000000, 0x000000008c000000, 0x000000008c100000|  0%| F|  |TAMS 0x000000008c000000, 0x000000008c000000| Untracked 
| 193|0x000000008c100000, 0x000000008c100000, 0x000000008c200000|  0%| F|  |TAMS 0x000000008c100000, 0x000000008c100000| Untracked 
| 194|0x000000008c200000, 0x000000008c200000, 0x000000008c300000|  0%| F|  |TAMS 0x000000008c200000, 0x000000008c200000| Untracked 
| 195|0x000000008c300000, 0x000000008c305cc8, 0x000000008c400000|  2%| E|  |TAMS 0x000000008c300000, 0x000000008c300000| Complete 
| 196|0x000000008c400000, 0x000000008c500000, 0x000000008c500000|100%| E|CS|TAMS 0x000000008c400000, 0x000000008c400000| Complete 
| 197|0x000000008c500000, 0x000000008c600000, 0x000000008c600000|100%| E|CS|TAMS 0x000000008c500000, 0x000000008c500000| Complete 
| 198|0x000000008c600000, 0x000000008c700000, 0x000000008c700000|100%| E|CS|TAMS 0x000000008c600000, 0x000000008c600000| Complete 
| 199|0x000000008c700000, 0x000000008c800000, 0x000000008c800000|100%| E|  |TAMS 0x000000008c700000, 0x000000008c700000| Complete 
| 200|0x000000008c800000, 0x000000008c900000, 0x000000008c900000|100%| E|CS|TAMS 0x000000008c800000, 0x000000008c800000| Complete 
| 201|0x000000008c900000, 0x000000008ca00000, 0x000000008ca00000|100%| E|CS|TAMS 0x000000008c900000, 0x000000008c900000| Complete 
| 202|0x000000008ca00000, 0x000000008cb00000, 0x000000008cb00000|100%| E|CS|TAMS 0x000000008ca00000, 0x000000008ca00000| Complete 
| 203|0x000000008cb00000, 0x000000008cc00000, 0x000000008cc00000|100%| E|CS|TAMS 0x000000008cb00000, 0x000000008cb00000| Complete 
| 204|0x000000008cc00000, 0x000000008cd00000, 0x000000008cd00000|100%| E|CS|TAMS 0x000000008cc00000, 0x000000008cc00000| Complete 
| 205|0x000000008cd00000, 0x000000008ce00000, 0x000000008ce00000|100%| E|CS|TAMS 0x000000008cd00000, 0x000000008cd00000| Complete 
| 206|0x000000008ce00000, 0x000000008cf00000, 0x000000008cf00000|100%| E|CS|TAMS 0x000000008ce00000, 0x000000008ce00000| Complete 
| 207|0x000000008cf00000, 0x000000008d000000, 0x000000008d000000|100%| E|CS|TAMS 0x000000008cf00000, 0x000000008cf00000| Complete 
| 208|0x000000008d000000, 0x000000008d100000, 0x000000008d100000|100%| E|CS|TAMS 0x000000008d000000, 0x000000008d000000| Complete 
| 209|0x000000008d100000, 0x000000008d200000, 0x000000008d200000|100%| E|CS|TAMS 0x000000008d100000, 0x000000008d100000| Complete 
| 210|0x000000008d200000, 0x000000008d300000, 0x000000008d300000|100%| E|CS|TAMS 0x000000008d200000, 0x000000008d200000| Complete 
| 211|0x000000008d300000, 0x000000008d400000, 0x000000008d400000|100%| E|CS|TAMS 0x000000008d300000, 0x000000008d300000| Complete 
| 212|0x000000008d400000, 0x000000008d500000, 0x000000008d500000|100%| E|CS|TAMS 0x000000008d400000, 0x000000008d400000| Complete 
| 213|0x000000008d500000, 0x000000008d600000, 0x000000008d600000|100%| E|CS|TAMS 0x000000008d500000, 0x000000008d500000| Complete 
| 214|0x000000008d600000, 0x000000008d700000, 0x000000008d700000|100%| E|CS|TAMS 0x000000008d600000, 0x000000008d600000| Complete 
| 215|0x000000008d700000, 0x000000008d800000, 0x000000008d800000|100%| E|CS|TAMS 0x000000008d700000, 0x000000008d700000| Complete 
| 216|0x000000008d800000, 0x000000008d900000, 0x000000008d900000|100%| E|CS|TAMS 0x000000008d800000, 0x000000008d800000| Complete 
| 217|0x000000008d900000, 0x000000008da00000, 0x000000008da00000|100%| E|CS|TAMS 0x000000008d900000, 0x000000008d900000| Complete 
| 218|0x000000008da00000, 0x000000008db00000, 0x000000008db00000|100%| E|CS|TAMS 0x000000008da00000, 0x000000008da00000| Complete 
| 219|0x000000008db00000, 0x000000008dc00000, 0x000000008dc00000|100%| E|CS|TAMS 0x000000008db00000, 0x000000008db00000| Complete 
| 220|0x000000008dc00000, 0x000000008dd00000, 0x000000008dd00000|100%| E|CS|TAMS 0x000000008dc00000, 0x000000008dc00000| Complete 
| 221|0x000000008dd00000, 0x000000008de00000, 0x000000008de00000|100%| E|CS|TAMS 0x000000008dd00000, 0x000000008dd00000| Complete 

Card table byte_map: [0x0000027274570000,0x0000027274970000] _byte_map_base: 0x0000027274170000

Marking Bits (Prev, Next): (CMBitMap*) 0x000002725f43da58, (CMBitMap*) 0x000002725f43da90
 Prev Bits: [0x0000027274d70000, 0x0000027276d70000)
 Next Bits: [0x0000027276d70000, 0x0000027278d70000)

Polling page: 0x000002725f4e0000

Metaspace:

Usage:
  Non-class:    114.37 MB capacity,   111.68 MB ( 98%) used,     2.18 MB (  2%) free+waste,   531.44 KB ( <1%) overhead. 
      Class:     17.58 MB capacity,    15.96 MB ( 91%) used,     1.39 MB (  8%) free+waste,   234.19 KB (  1%) overhead. 
       Both:    131.96 MB capacity,   127.64 MB ( 97%) used,     3.57 MB (  3%) free+waste,   765.63 KB ( <1%) overhead. 

Virtual space:
  Non-class space:      116.00 MB reserved,     114.46 MB ( 99%) committed 
      Class space:        1.00 GB reserved,      17.63 MB (  2%) committed 
             Both:        1.11 GB reserved,     132.09 MB ( 12%) committed 

Chunk freelists:
   Non-Class:  26.00 KB
       Class:  0 bytes
        Both:  26.00 KB

MaxMetaspaceSize: 17179869184.00 GB
CompressedClassSpaceSize: 1.00 GB
Initial GC threshold: 20.80 MB
Current GC threshold: 220.14 MB
CDS: off

CodeHeap 'non-profiled nmethods': size=120000Kb used=17939Kb max_used=18048Kb free=102060Kb
 bounds [0x000002726c1e0000, 0x000002726d3b0000, 0x0000027273710000]
CodeHeap 'profiled nmethods': size=120000Kb used=52726Kb max_used=53617Kb free=67273Kb
 bounds [0x0000027264cb0000, 0x0000027268130000, 0x000002726c1e0000]
CodeHeap 'non-nmethods': size=5760Kb used=2492Kb max_used=2580Kb free=3267Kb
 bounds [0x0000027264710000, 0x00000272649b0000, 0x0000027264cb0000]
 total_blobs=24941 nmethods=23916 adapters=936
 compilation: enabled
              stopped_count=0, restarted_count=0
 full_count=0

Compilation events (20 events):
Event: 1007.769 Thread 0x000002727b85f000 26747       3       com.android.build.gradle.internal.services.VersionedSdkLoaderService$sam$java_util_concurrent_Callable$0::call (10 bytes)
Event: 1007.769 Thread 0x000002727b85f000 nmethod 26747 0x0000027265fe1990 code [0x0000027265fe1b40, 0x0000027265fe1d08]
Event: 1007.795 Thread 0x000002727b85f000 26752       2       org.gradle.internal.classloader.ClassLoaderVisitor::visit (80 bytes)
Event: 1007.797 Thread 0x000002727b85f000 nmethod 26752 0x0000027266003190 code [0x0000027266003420, 0x0000027266003b68]
Event: 1007.802 Thread 0x000002727b85f000 26753       3       org.gradle.api.internal.artifacts.ivyservice.DefaultConfigurationResolver::getRepositories (16 bytes)
Event: 1007.803 Thread 0x000002727b85f000 nmethod 26753 0x0000027266002b90 code [0x0000027266002d60, 0x0000027266003088]
Event: 1007.803 Thread 0x000002727b85f000 26754       3       org.gradle.api.internal.artifacts.DefaultDependencyManagementServices$DependencyResolutionScopeServices$$Lambda$225/0x00000001003bcc40::get (16 bytes)
Event: 1007.803 Thread 0x000002727b85f000 nmethod 26754 0x00000272660c3d10 code [0x00000272660c3ec0, 0x00000272660c4008]
Event: 1007.805 Thread 0x000002727b85f000 26755       3       org.gradle.api.internal.artifacts.DefaultResolverResults::hasError (41 bytes)
Event: 1007.806 Thread 0x000002727b85f000 nmethod 26755 0x0000027266002610 code [0x00000272660027e0, 0x0000027266002ac8]
Event: 1007.810 Thread 0x000002727b85f000 26756       3       org.gradle.internal.vfs.impl.AbstractVirtualFileSystem$$Lambda$1252/0x0000000100baa840::get$Lambda (10 bytes)
Event: 1007.810 Thread 0x000002727b85f000 nmethod 26756 0x0000027266001e90 code [0x0000027266002060, 0x0000027266002318]
Event: 1007.810 Thread 0x000002727b85f000 26757       3       org.gradle.internal.vfs.impl.AbstractVirtualFileSystem$$Lambda$1252/0x0000000100baa840::<init> (15 bytes)
Event: 1007.811 Thread 0x000002727b85f000 nmethod 26757 0x0000027265fe3a90 code [0x0000027265fe3c40, 0x0000027265fe3e58]
Event: 1007.811 Thread 0x000002727b85f000 26758       3       org.gradle.internal.snapshot.AbstractIncompleteFileSystemNode$1::handleExactMatchWithChild (9 bytes)
Event: 1007.811 Thread 0x000002727b85f000 nmethod 26758 0x00000272655fa810 code [0x00000272655fa9e0, 0x00000272655fad08]
Event: 1007.814 Thread 0x000002727b85f000 26759       3       org.gradle.internal.reflect.JavaPropertyReflectionUtil::hasTypeVariable (267 bytes)
Event: 1007.815 Thread 0x000002727b85f000 nmethod 26759 0x0000027266219c90 code [0x000002726621a080, 0x000002726621c7e8]
Event: 1007.825 Thread 0x000002727b85f000 26760       1       com.android.build.api.variant.impl.BuiltArtifactImpl::getOutputFile (5 bytes)
Event: 1007.825 Thread 0x000002727b85f000 nmethod 26760 0x000002726c591110 code [0x000002726c5912c0, 0x000002726c591378]

GC Heap History (20 events):
Event: 867.908 GC heap before
{Heap before GC invocations=161 (full 0):
 garbage-first heap   total 227328K, used 167717K [0x0000000080000000, 0x0000000100000000)
  region size 1024K, 50 young (51200K), 2 survivors (2048K)
 Metaspace       used 129695K, capacity 134006K, committed 134232K, reserved 1165312K
  class space    used 16272K, capacity 17932K, committed 18048K, reserved 1048576K
}
Event: 867.921 GC heap after
{Heap after GC invocations=162 (full 0):
 garbage-first heap   total 227328K, used 122509K [0x0000000080000000, 0x0000000100000000)
  region size 1024K, 5 young (5120K), 5 survivors (5120K)
 Metaspace       used 129695K, capacity 134006K, committed 134232K, reserved 1165312K
  class space    used 16272K, capacity 17932K, committed 18048K, reserved 1048576K
}
Event: 868.668 GC heap before
{Heap before GC invocations=163 (full 0):
 garbage-first heap   total 227328K, used 172685K [0x0000000080000000, 0x0000000100000000)
  region size 1024K, 55 young (56320K), 5 survivors (5120K)
 Metaspace       used 129786K, capacity 134203K, committed 134488K, reserved 1165312K
  class space    used 16273K, capacity 17932K, committed 18048K, reserved 1048576K
}
Event: 868.679 GC heap after
{Heap after GC invocations=164 (full 0):
 garbage-first heap   total 227328K, used 128172K [0x0000000080000000, 0x0000000100000000)
  region size 1024K, 7 young (7168K), 7 survivors (7168K)
 Metaspace       used 129786K, capacity 134203K, committed 134488K, reserved 1165312K
  class space    used 16273K, capacity 17932K, committed 18048K, reserved 1048576K
}
Event: 869.705 GC heap before
{Heap before GC invocations=164 (full 0):
 garbage-first heap   total 227328K, used 132268K [0x0000000080000000, 0x0000000100000000)
  region size 1024K, 11 young (11264K), 7 survivors (7168K)
 Metaspace       used 129792K, capacity 134204K, committed 134488K, reserved 1165312K
  class space    used 16273K, capacity 17932K, committed 18048K, reserved 1048576K
}
Event: 869.714 GC heap after
{Heap after GC invocations=165 (full 0):
 garbage-first heap   total 227328K, used 116681K [0x0000000080000000, 0x0000000100000000)
  region size 1024K, 2 young (2048K), 2 survivors (2048K)
 Metaspace       used 129792K, capacity 134204K, committed 134488K, reserved 1165312K
  class space    used 16273K, capacity 17932K, committed 18048K, reserved 1048576K
}
Event: 869.896 GC heap before
{Heap before GC invocations=165 (full 0):
 garbage-first heap   total 227328K, used 135113K [0x0000000080000000, 0x0000000100000000)
  region size 1024K, 22 young (22528K), 2 survivors (2048K)
 Metaspace       used 129823K, capacity 134271K, committed 134488K, reserved 1165312K
  class space    used 16273K, capacity 17932K, committed 18048K, reserved 1048576K
}
Event: 869.900 GC heap after
{Heap after GC invocations=166 (full 0):
 garbage-first heap   total 227328K, used 116301K [0x0000000080000000, 0x0000000100000000)
  region size 1024K, 1 young (1024K), 1 survivors (1024K)
 Metaspace       used 129823K, capacity 134271K, committed 134488K, reserved 1165312K
  class space    used 16273K, capacity 17932K, committed 18048K, reserved 1048576K
}
Event: 998.313 GC heap before
{Heap before GC invocations=167 (full 0):
 garbage-first heap   total 227328K, used 190029K [0x0000000080000000, 0x0000000100000000)
  region size 1024K, 61 young (62464K), 1 survivors (1024K)
 Metaspace       used 130079K, capacity 134402K, committed 134744K, reserved 1165312K
  class space    used 16291K, capacity 17932K, committed 18048K, reserved 1048576K
}
Event: 998.322 GC heap after
{Heap after GC invocations=168 (full 0):
 garbage-first heap   total 227328K, used 126122K [0x0000000080000000, 0x0000000100000000)
  region size 1024K, 8 young (8192K), 8 survivors (8192K)
 Metaspace       used 130079K, capacity 134402K, committed 134744K, reserved 1165312K
  class space    used 16291K, capacity 17932K, committed 18048K, reserved 1048576K
}
Event: 998.332 GC heap before
{Heap before GC invocations=168 (full 0):
 garbage-first heap   total 227328K, used 129194K [0x0000000080000000, 0x0000000100000000)
  region size 1024K, 11 young (11264K), 8 survivors (8192K)
 Metaspace       used 130079K, capacity 134402K, committed 134744K, reserved 1165312K
  class space    used 16291K, capacity 17932K, committed 18048K, reserved 1048576K
}
Event: 998.342 GC heap after
{Heap after GC invocations=169 (full 0):
 garbage-first heap   total 227328K, used 124752K [0x0000000080000000, 0x0000000100000000)
  region size 1024K, 2 young (2048K), 2 survivors (2048K)
 Metaspace       used 130079K, capacity 134402K, committed 134744K, reserved 1165312K
  class space    used 16291K, capacity 17932K, committed 18048K, reserved 1048576K
}
Event: 998.451 GC heap before
{Heap before GC invocations=169 (full 0):
 garbage-first heap   total 227328K, used 150352K [0x0000000080000000, 0x0000000100000000)
  region size 1024K, 29 young (29696K), 2 survivors (2048K)
 Metaspace       used 130144K, capacity 134466K, committed 134744K, reserved 1165312K
  class space    used 16291K, capacity 17932K, committed 18048K, reserved 1048576K
}
Event: 998.465 GC heap after
{Heap after GC invocations=170 (full 0):
 garbage-first heap   total 227328K, used 139433K [0x0000000080000000, 0x0000000100000000)
  region size 1024K, 7 young (7168K), 7 survivors (7168K)
 Metaspace       used 130144K, capacity 134466K, committed 134744K, reserved 1165312K
  class space    used 16291K, capacity 17932K, committed 18048K, reserved 1048576K
}
Event: 998.802 GC heap before
{Heap before GC invocations=171 (full 0):
 garbage-first heap   total 227328K, used 184489K [0x0000000080000000, 0x0000000100000000)
  region size 1024K, 39 young (39936K), 7 survivors (7168K)
 Metaspace       used 130276K, capacity 134613K, committed 134744K, reserved 1165312K
  class space    used 16293K, capacity 17935K, committed 18048K, reserved 1048576K
}
Event: 998.816 GC heap after
{Heap after GC invocations=172 (full 0):
 garbage-first heap   total 227328K, used 141859K [0x0000000080000000, 0x0000000100000000)
  region size 1024K, 5 young (5120K), 5 survivors (5120K)
 Metaspace       used 130276K, capacity 134613K, committed 134744K, reserved 1165312K
  class space    used 16293K, capacity 17935K, committed 18048K, reserved 1048576K
}
Event: 1001.768 GC heap before
{Heap before GC invocations=172 (full 0):
 garbage-first heap   total 227328K, used 148003K [0x0000000080000000, 0x0000000100000000)
  region size 1024K, 11 young (11264K), 5 survivors (5120K)
 Metaspace       used 130389K, capacity 134710K, committed 135000K, reserved 1167360K
  class space    used 16312K, capacity 17942K, committed 18048K, reserved 1048576K
}
Event: 1001.774 GC heap after
{Heap after GC invocations=173 (full 0):
 garbage-first heap   total 227328K, used 130348K [0x0000000080000000, 0x0000000100000000)
  region size 1024K, 1 young (1024K), 1 survivors (1024K)
 Metaspace       used 130389K, capacity 134710K, committed 135000K, reserved 1167360K
  class space    used 16312K, capacity 17942K, committed 18048K, reserved 1048576K
}
Event: 1007.587 GC heap before
{Heap before GC invocations=173 (full 0):
 garbage-first heap   total 227328K, used 168236K [0x0000000080000000, 0x0000000100000000)
  region size 1024K, 39 young (39936K), 1 survivors (1024K)
 Metaspace       used 130634K, capacity 135050K, committed 135256K, reserved 1167360K
  class space    used 16341K, capacity 18004K, committed 18048K, reserved 1048576K
}
Event: 1007.604 GC heap after
{Heap after GC invocations=174 (full 0):
 garbage-first heap   total 227328K, used 134520K [0x0000000080000000, 0x0000000100000000)
  region size 1024K, 5 young (5120K), 5 survivors (5120K)
 Metaspace       used 130634K, capacity 135050K, committed 135256K, reserved 1167360K
  class space    used 16341K, capacity 18004K, committed 18048K, reserved 1048576K
}

Deoptimization events (20 events):
Event: 1001.812 Thread 0x000002720a66a000 DEOPT PACKING pc=0x000002726d2086c8 sp=0x000000b5003fc8d0
Event: 1001.812 Thread 0x000002720a66a000 DEOPT UNPACKING pc=0x000002726475a1af sp=0x000000b5003fc868 mode 2
Event: 1001.812 Thread 0x000002720a66a000 Uncommon trap: trap_request=0xffffffde fr.pc=0x000002726d2086c8 relative=0x00000000000028e8
Event: 1001.812 Thread 0x000002720a66a000 Uncommon trap: reason=class_check action=maybe_recompile pc=0x000002726d2086c8 method=com.google.common.cache.LocalCache$Segment.put(Ljava/lang/Object;ILjava/lang/Object;Z)Ljava/lang/Object; @ 75 c2
Event: 1001.812 Thread 0x000002720a66a000 DEOPT PACKING pc=0x000002726d2086c8 sp=0x000000b5003fc8d0
Event: 1001.812 Thread 0x000002720a66a000 DEOPT UNPACKING pc=0x000002726475a1af sp=0x000000b5003fc868 mode 2
Event: 1007.577 Thread 0x000002720a66a000 Uncommon trap: trap_request=0xffffffbe fr.pc=0x000002726d2ce00c relative=0x000000000000206c
Event: 1007.577 Thread 0x000002720a66a000 Uncommon trap: reason=profile_predicate action=maybe_recompile pc=0x000002726d2ce00c method=kotlin.collections.CollectionsKt__MutableCollectionsKt.addAll(Ljava/util/Collection;Ljava/lang/Iterable;)Z @ 49 c2
Event: 1007.577 Thread 0x000002720a66a000 DEOPT PACKING pc=0x000002726d2ce00c sp=0x000000b5003f8080
Event: 1007.577 Thread 0x000002720a66a000 DEOPT UNPACKING pc=0x000002726475a1af sp=0x000000b5003f8090 mode 2
Event: 1007.577 Thread 0x000002720a66a000 Uncommon trap: trap_request=0xffffffbe fr.pc=0x000002726d2ce00c relative=0x000000000000206c
Event: 1007.577 Thread 0x000002720a66a000 Uncommon trap: reason=profile_predicate action=maybe_recompile pc=0x000002726d2ce00c method=kotlin.collections.CollectionsKt__MutableCollectionsKt.addAll(Ljava/util/Collection;Ljava/lang/Iterable;)Z @ 49 c2
Event: 1007.577 Thread 0x000002720a66a000 DEOPT PACKING pc=0x000002726d2ce00c sp=0x000000b5003f8080
Event: 1007.577 Thread 0x000002720a66a000 DEOPT UNPACKING pc=0x000002726475a1af sp=0x000000b5003f8090 mode 2
Event: 1007.581 Thread 0x000002720a66a000 DEOPT PACKING pc=0x0000027266b4303a sp=0x000000b5003f8df0
Event: 1007.581 Thread 0x000002720a66a000 DEOPT UNPACKING pc=0x000002726475a95e sp=0x000000b5003f8298 mode 0
Event: 1007.748 Thread 0x0000027201bf3800 Uncommon trap: trap_request=0xffffff4d fr.pc=0x000002726c4b7398 relative=0x00000000000000d8
Event: 1007.748 Thread 0x0000027201bf3800 Uncommon trap: reason=unstable_if action=reinterpret pc=0x000002726c4b7398 method=java.util.concurrent.locks.LockSupport.unpark(Ljava/lang/Thread;)V @ 1 c2
Event: 1007.748 Thread 0x0000027201bf3800 DEOPT PACKING pc=0x000002726c4b7398 sp=0x000000b506bfb110
Event: 1007.748 Thread 0x0000027201bf3800 DEOPT UNPACKING pc=0x000002726475a1af sp=0x000000b506bfafb8 mode 2

Classes redefined (0 events):
No events

Internal exceptions (20 events):
Event: 1001.717 Thread 0x000002720799d800 Exception <a 'java/io/IOException'{0x000000008dc00b10}> (0x000000008dc00b10) thrown at [./src/hotspot/share/prims/jni.cpp, line 615]
Event: 1001.731 Thread 0x000002720a665000 Exception <a 'java/lang/NoSuchMethodError'{0x000000008da3c1a0}: <clinit>> (0x000000008da3c1a0) thrown at [./src/hotspot/share/prims/jni.cpp, line 1365]
Event: 1001.732 Thread 0x000002720a665000 Exception <a 'java/lang/NoSuchMethodError'{0x000000008da77448}: <clinit>> (0x000000008da77448) thrown at [./src/hotspot/share/prims/jni.cpp, line 1365]
Event: 1001.744 Thread 0x000002720a66a000 Exception <a 'sun/nio/fs/WindowsException'{0x000000008dab4b00}> (0x000000008dab4b00) thrown at [./src/hotspot/share/prims/jni.cpp, line 615]
Event: 1001.744 Thread 0x000002720a66a000 Exception <a 'sun/nio/fs/WindowsException'{0x000000008dab4b80}> (0x000000008dab4b80) thrown at [./src/hotspot/share/prims/jni.cpp, line 615]
Event: 1001.745 Thread 0x000002720a66a000 Exception <a 'sun/nio/fs/WindowsException'{0x000000008dab7cb8}> (0x000000008dab7cb8) thrown at [./src/hotspot/share/prims/jni.cpp, line 615]
Event: 1001.857 Thread 0x000002720a667800 Exception <a 'java/lang/NoSuchMethodError'{0x000000008da1b5f0}: <clinit>> (0x000000008da1b5f0) thrown at [./src/hotspot/share/prims/jni.cpp, line 1365]
Event: 1001.858 Thread 0x000002720a667800 Exception <a 'java/lang/NoSuchMethodError'{0x000000008da2da40}: <clinit>> (0x000000008da2da40) thrown at [./src/hotspot/share/prims/jni.cpp, line 1365]
Event: 1001.858 Thread 0x000002720a667800 Exception <a 'java/lang/NoSuchMethodError'{0x000000008da2f128}: <clinit>> (0x000000008da2f128) thrown at [./src/hotspot/share/prims/jni.cpp, line 1365]
Event: 1001.860 Thread 0x000002720a667800 Exception <a 'java/lang/NoSuchMethodError'{0x000000008da42888}: <clinit>> (0x000000008da42888) thrown at [./src/hotspot/share/prims/jni.cpp, line 1365]
Event: 1001.860 Thread 0x000002720a667800 Exception <a 'java/lang/NoSuchMethodError'{0x000000008da4f890}: <clinit>> (0x000000008da4f890) thrown at [./src/hotspot/share/prims/jni.cpp, line 1365]
Event: 1001.869 Thread 0x000002720a667800 Exception <a 'java/lang/NoSuchMethodError'{0x000000008da65fa0}: <clinit>> (0x000000008da65fa0) thrown at [./src/hotspot/share/prims/jni.cpp, line 1365]
Event: 1001.872 Thread 0x000002720a667800 Exception <a 'java/lang/NoSuchMethodError'{0x000000008da7fc58}: <clinit>> (0x000000008da7fc58) thrown at [./src/hotspot/share/prims/jni.cpp, line 1365]
Event: 1001.873 Thread 0x000002720a667800 Exception <a 'java/lang/NoSuchMethodError'{0x000000008da8f5c8}: <clinit>> (0x000000008da8f5c8) thrown at [./src/hotspot/share/prims/jni.cpp, line 1365]
Event: 1007.508 Thread 0x000002720a66a000 Exception <a 'sun/nio/fs/WindowsException'{0x000000008c2d21e8}> (0x000000008c2d21e8) thrown at [./src/hotspot/share/prims/jni.cpp, line 615]
Event: 1007.566 Thread 0x000002720a66a000 Exception <a 'sun/nio/fs/WindowsException'{0x000000008b9a1ee0}> (0x000000008b9a1ee0) thrown at [./src/hotspot/share/prims/jni.cpp, line 615]
Event: 1007.571 Thread 0x000002720a66a000 Exception <a 'sun/nio/fs/WindowsException'{0x000000008b83f0f8}> (0x000000008b83f0f8) thrown at [./src/hotspot/share/prims/jni.cpp, line 615]
Event: 1007.571 Thread 0x000002720a66a000 Exception <a 'sun/nio/fs/WindowsException'{0x000000008b840368}> (0x000000008b840368) thrown at [./src/hotspot/share/prims/jni.cpp, line 615]
Event: 1007.571 Thread 0x000002720a66a000 Exception <a 'sun/nio/fs/WindowsException'{0x000000008b841628}> (0x000000008b841628) thrown at [./src/hotspot/share/prims/jni.cpp, line 615]
Event: 1007.571 Thread 0x000002720a66a000 Exception <a 'sun/nio/fs/WindowsException'{0x000000008b8428e8}> (0x000000008b8428e8) thrown at [./src/hotspot/share/prims/jni.cpp, line 615]

Events (20 events):
Event: 1007.789 Executing VM operation: RevokeBias
Event: 1007.790 Executing VM operation: RevokeBias done
Event: 1007.790 Executing VM operation: RevokeBias
Event: 1007.790 Executing VM operation: RevokeBias done
Event: 1007.794 Executing VM operation: CGC_Operation
Event: 1007.794 Executing VM operation: CGC_Operation done
Event: 1007.808 Executing VM operation: RevokeBias
Event: 1007.808 Executing VM operation: RevokeBias done
Event: 1007.811 loading class org/gradle/internal/execution/history/changes/NonIncrementalInputChanges
Event: 1007.811 loading class org/gradle/internal/execution/history/changes/NonIncrementalInputChanges done
Event: 1007.812 loading class org/gradle/api/internal/changedetection/changes/RebuildIncrementalTaskInputs
Event: 1007.812 loading class org/gradle/api/internal/changedetection/changes/RebuildIncrementalTaskInputs done
Event: 1007.817 loading class com/android/build/gradle/internal/tasks/NonIncrementalTaskKt
Event: 1007.817 loading class com/android/build/gradle/internal/tasks/NonIncrementalTaskKt done
Event: 1007.822 Thread 0x0000027201bfa000 Thread added: 0x0000027201bfa000
Event: 1007.823 Executing VM operation: RevokeBias
Event: 1007.823 Executing VM operation: RevokeBias done
Event: 1007.835 Thread 0x0000027201bf8800 Thread added: 0x0000027201bf8800
Event: 1007.841 Thread 0x0000027201bf7000 Thread added: 0x0000027201bf7000
Event: 1007.841 Thread 0x0000027201bf4800 Thread added: 0x0000027201bf4800


Dynamic libraries:
0x00007ff6b8180000 - 0x00007ff6b818a000 	C:\Program Files\Android\Android Studio\jre\bin\java.exe
0x00007ffa42f30000 - 0x00007ffa43127000 	C:\Windows\SYSTEM32\ntdll.dll
0x00007ffa41c40000 - 0x00007ffa41cfd000 	C:\Windows\System32\KERNEL32.DLL
0x00007ffa40c90000 - 0x00007ffa40f5d000 	C:\Windows\System32\KERNELBASE.dll
0x00007ffa40820000 - 0x00007ffa40920000 	C:\Windows\System32\ucrtbase.dll
0x00007ffa1d450000 - 0x00007ffa1d469000 	C:\Program Files\Android\Android Studio\jre\bin\jli.dll
0x00007ffa16aa0000 - 0x00007ffa16ab7000 	C:\Program Files\Android\Android Studio\jre\bin\VCRUNTIME140.dll
0x00007ffa42760000 - 0x00007ffa42900000 	C:\Windows\System32\USER32.dll
0x00007ffa40f60000 - 0x00007ffa40f82000 	C:\Windows\System32\win32u.dll
0x00007ffa250d0000 - 0x00007ffa2536a000 	C:\Windows\WinSxS\amd64_microsoft.windows.common-controls_6595b64144ccf1df_6.0.19041.1110_none_60b5254171f9507e\COMCTL32.dll
0x00007ffa42ec0000 - 0x00007ffa42eea000 	C:\Windows\System32\GDI32.dll
0x00007ffa41d00000 - 0x00007ffa41d9e000 	C:\Windows\System32\msvcrt.dll
0x00007ffa40920000 - 0x00007ffa40a2b000 	C:\Windows\System32\gdi32full.dll
0x00007ffa40650000 - 0x00007ffa406ed000 	C:\Windows\System32\msvcp_win.dll
0x00007ffa42730000 - 0x00007ffa42760000 	C:\Windows\System32\IMM32.DLL
0x00007ff9febe0000 - 0x00007ff9fec7d000 	C:\Program Files\Android\Android Studio\jre\bin\msvcp140.dll
0x00007ff9e8050000 - 0x00007ff9e8b35000 	C:\Program Files\Android\Android Studio\jre\bin\server\jvm.dll
0x00007ffa418f0000 - 0x00007ffa4199e000 	C:\Windows\System32\ADVAPI32.dll
0x00007ffa417e0000 - 0x00007ffa4187c000 	C:\Windows\System32\sechost.dll
0x00007ffa411b0000 - 0x00007ffa412d5000 	C:\Windows\System32\RPCRT4.dll
0x00007ffa40f90000 - 0x00007ffa40f98000 	C:\Windows\System32\PSAPI.DLL
0x00007ffa3a9b0000 - 0x00007ffa3a9b9000 	C:\Windows\SYSTEM32\WSOCK32.dll
0x00007ffa26e30000 - 0x00007ffa26e57000 	C:\Windows\SYSTEM32\WINMM.dll
0x00007ffa3a010000 - 0x00007ffa3a01a000 	C:\Windows\SYSTEM32\VERSION.dll
0x00007ffa41880000 - 0x00007ffa418eb000 	C:\Windows\System32\WS2_32.dll
0x00007ffa3e530000 - 0x00007ffa3e542000 	C:\Windows\SYSTEM32\kernel.appcore.dll
0x00007ffa239a0000 - 0x00007ffa239b1000 	C:\Program Files\Android\Android Studio\jre\bin\verify.dll
0x00007ffa29580000 - 0x00007ffa29764000 	C:\Windows\SYSTEM32\DBGHELP.DLL
0x00007ffa28ce0000 - 0x00007ffa28d0c000 	C:\Windows\SYSTEM32\dbgcore.DLL
0x00007ffa40a30000 - 0x00007ffa40ab2000 	C:\Windows\System32\bcryptPrimitives.dll
0x00007ffa1e950000 - 0x00007ffa1e979000 	C:\Program Files\Android\Android Studio\jre\bin\java.dll
0x00007ffa3a930000 - 0x00007ffa3a93b000 	C:\Program Files\Android\Android Studio\jre\bin\jimage.dll
0x00007ffa1e930000 - 0x00007ffa1e948000 	C:\Program Files\Android\Android Studio\jre\bin\zip.dll
0x00007ffa41da0000 - 0x00007ffa424e4000 	C:\Windows\System32\SHELL32.dll
0x00007ffa3e730000 - 0x00007ffa3eec4000 	C:\Windows\SYSTEM32\windows.storage.dll
0x00007ffa42900000 - 0x00007ffa42c54000 	C:\Windows\System32\combase.dll
0x00007ffa3ffd0000 - 0x00007ffa3fffc000 	C:\Windows\SYSTEM32\Wldp.dll
0x00007ffa42c60000 - 0x00007ffa42d0d000 	C:\Windows\System32\SHCORE.dll
0x00007ffa41150000 - 0x00007ffa411a5000 	C:\Windows\System32\shlwapi.dll
0x00007ffa40590000 - 0x00007ffa405af000 	C:\Windows\SYSTEM32\profapi.dll
0x00007ffa1e4a0000 - 0x00007ffa1e4ba000 	C:\Program Files\Android\Android Studio\jre\bin\net.dll
0x00007ffa38c90000 - 0x00007ffa38d9a000 	C:\Windows\SYSTEM32\WINHTTP.dll
0x00007ffa3fdb0000 - 0x00007ffa3fe1a000 	C:\Windows\system32\mswsock.dll
0x00007ffa1e480000 - 0x00007ffa1e494000 	C:\Program Files\Android\Android Studio\jre\bin\nio.dll
0x00007ffa11a40000 - 0x00007ffa11a67000 	C:\Users\Turonbank\.gradle\native\e1d6ef7f7dcc3fd88c89a11ec53ec762bb8ba0a96d01ffa2cd45eb1d1d8dd5c5\windows-amd64\native-platform.dll
0x00007ffa37f80000 - 0x00007ffa380c4000 	C:\Users\Turonbank\.gradle\native\5664cfc778a61ccfe75a443a1ab52a65af34e5dc3c78e0209fed803814484fcb\windows-amd64\native-platform-file-events.dll
0x00007ffa3a280000 - 0x00007ffa3a28a000 	C:\Program Files\Android\Android Studio\jre\bin\management.dll
0x00007ffa38c00000 - 0x00007ffa38c0d000 	C:\Program Files\Android\Android Studio\jre\bin\management_ext.dll
0x00007ffa40010000 - 0x00007ffa40028000 	C:\Windows\SYSTEM32\CRYPTSP.dll
0x00007ffa3f6e0000 - 0x00007ffa3f714000 	C:\Windows\system32\rsaenh.dll
0x00007ffa407a0000 - 0x00007ffa407c7000 	C:\Windows\System32\bcrypt.dll
0x00007ffa40510000 - 0x00007ffa4053e000 	C:\Windows\SYSTEM32\USERENV.dll
0x00007ffa3ff40000 - 0x00007ffa3ff4c000 	C:\Windows\SYSTEM32\CRYPTBASE.dll
0x00007ffa3fa70000 - 0x00007ffa3faab000 	C:\Windows\SYSTEM32\IPHLPAPI.DLL
0x00007ffa417d0000 - 0x00007ffa417d8000 	C:\Windows\System32\NSI.dll
0x00007ffa38da0000 - 0x00007ffa38db7000 	C:\Windows\SYSTEM32\dhcpcsvc6.DLL
0x00007ffa38bc0000 - 0x00007ffa38bdd000 	C:\Windows\SYSTEM32\dhcpcsvc.DLL
0x00007ffa3fac0000 - 0x00007ffa3fb8b000 	C:\Windows\SYSTEM32\DNSAPI.dll
0x00007ffa36eb0000 - 0x00007ffa36eb8000 	C:\Program Files\Android\Android Studio\jre\bin\rmi.dll
0x00007ffa1db70000 - 0x00007ffa1db97000 	C:\Program Files\Android\Android Studio\jre\bin\sunec.dll
0x00007ffa3f310000 - 0x00007ffa3f343000 	C:\Windows\SYSTEM32\ntmarta.dll

dbghelp: loaded successfully - version: 4.0.5 - missing functions: none
symbol engine: initialized successfully - sym options: 0x614 - pdb path: .;C:\Program Files\Android\Android Studio\jre\bin;C:\Windows\SYSTEM32;C:\Windows\WinSxS\amd64_microsoft.windows.common-controls_6595b64144ccf1df_6.0.19041.1110_none_60b5254171f9507e;C:\Program Files\Android\Android Studio\jre\bin\server;C:\Users\Turonbank\.gradle\native\e1d6ef7f7dcc3fd88c89a11ec53ec762bb8ba0a96d01ffa2cd45eb1d1d8dd5c5\windows-amd64;C:\Users\Turonbank\.gradle\native\5664cfc778a61ccfe75a443a1ab52a65af34e5dc3c78e0209fed803814484fcb\windows-amd64

VM Arguments:
jvm_args: --add-opens=java.base/java.util=ALL-UNNAMED --add-opens=java.base/java.lang=ALL-UNNAMED --add-opens=java.base/java.lang.invoke=ALL-UNNAMED --add-opens=java.base/java.util=ALL-UNNAMED --add-opens=java.prefs/java.util.prefs=ALL-UNNAMED --add-opens=java.prefs/java.util.prefs=ALL-UNNAMED --add-opens=java.base/java.nio.charset=ALL-UNNAMED --add-opens=java.base/java.net=ALL-UNNAMED --add-opens=java.base/java.util.concurrent.atomic=ALL-UNNAMED -Xmx2048m -Dfile.encoding=UTF-8 -Duser.country=RU -Duser.language=ru -Duser.variant 
java_command: org.gradle.launcher.daemon.bootstrap.GradleDaemon 7.3.3
java_class_path (initial): C:\Users\Turonbank\.gradle\wrapper\dists\gradle-7.3.3-bin\6a41zxkdtcxs8rphpq6y0069z\gradle-7.3.3\lib\gradle-launcher-7.3.3.jar
Launcher Type: SUN_STANDARD

[Global flags]
     intx CICompilerCount                          = 4                                         {product} {ergonomic}
     uint ConcGCThreads                            = 2                                         {product} {ergonomic}
     uint G1ConcRefinementThreads                  = 8                                         {product} {ergonomic}
   size_t G1HeapRegionSize                         = 1048576                                   {product} {ergonomic}
    uintx GCDrainStackTargetSize                   = 64                                        {product} {ergonomic}
   size_t InitialHeapSize                          = 134217728                                 {product} {ergonomic}
   size_t MarkStackSize                            = 4194304                                   {product} {ergonomic}
   size_t MaxHeapSize                              = 2147483648                                {product} {command line}
   size_t MaxNewSize                               = 1287651328                                {product} {ergonomic}
   size_t MinHeapDeltaBytes                        = 1048576                                   {product} {ergonomic}
    uintx NonNMethodCodeHeapSize                   = 5836300                                {pd product} {ergonomic}
    uintx NonProfiledCodeHeapSize                  = 122910970                              {pd product} {ergonomic}
    uintx ProfiledCodeHeapSize                     = 122910970                              {pd product} {ergonomic}
    uintx ReservedCodeCacheSize                    = 251658240                              {pd product} {ergonomic}
     bool SegmentedCodeCache                       = true                                      {product} {ergonomic}
     bool UseCompressedClassPointers               = true                                 {lp64_product} {ergonomic}
     bool UseCompressedOops                        = true                                 {lp64_product} {ergonomic}
     bool UseG1GC                                  = true                                      {product} {ergonomic}
     bool UseLargePagesIndividualAllocation        = false                                  {pd product} {ergonomic}

Logging:
Log output configuration:
 #0: stdout all=warning uptime,level,tags
 #1: stderr all=off uptime,level,tags

Environment Variables:
PATH=C:\Program Files\Common Files\Oracle\Java\javapath;C:\Program Files (x86)\Common Files\Oracle\Java\javapath;C:\Windows\system32;C:\Windows;C:\Windows\System32\Wbem;C:\Windows\System32\WindowsPowerShell\v1.0\;C:\Windows\System32\OpenSSH\;C:\Users\Turonbank\AppData\Local\Microsoft\WindowsApps;C:\Users\Turonbank\AppData\Local\Programs\Git\cmd
USERNAME=Turonbank
OS=Windows_NT
PROCESSOR_IDENTIFIER=Intel64 Family 6 Model 165 Stepping 3, GenuineIntel



---------------  S Y S T E M  ---------------

OS: Windows 10 , 64 bit Build 19041 (10.0.19041.1741)
OS uptime: 0 days 2:00 hours
Hyper-V role detected

CPU:total 8 (initial active 8) (4 cores per cpu, 2 threads per core) family 6 model 165 stepping 3 microcode 0xcc, cmov, cx8, fxsr, mmx, sse, sse2, sse3, ssse3, sse4.1, sse4.2, popcnt, avx, avx2, aes, clmul, erms, 3dnowpref, lzcnt, ht, tsc, tscinvbit, bmi1, bmi2, adx, fma

Memory: 4k page, system-wide physical 8085M (372M free)
TotalPageFile size 10133M (AvailPageFile size 3M)
current process WorkingSet (physical memory assigned to process): 503M, peak: 529M
current process commit charge ("private bytes"): 652M, peak: 680M

vm_info: OpenJDK 64-Bit Server VM (11.0.12+7-b1504.28-7817840) for windows-amd64 JRE (11.0.12+7-b1504.28-7817840), built on Oct 13 2021 22:12:33 by "builder" with MS VC++ 14.0 (VS2015)

END.
